<?xml version="1.0" encoding="UTF-8" ?>
<testsuite tests="7" failures="6" name="cucumber.Options.TestRunner" time="339.018" errors="0" skipped="0">
  <properties>
[...]
</properties>
  <testcase classname="Create a recurring meeting using Native Android/IOS Calender App" name="Create a new recurring (3 days a week) meeting, and make sure it doesn&apos;t repeat on successive days #1" time="105.195"/>
  <testcase classname="Create a recurring meeting using Native Android/IOS Calender App" name="Create a new recurring (3 days a week) meeting, and make sure it doesn&apos;t repeat on successive days #2" time="35.09">
    <failure type="java.lang.AssertionError">java.lang.AssertionError
	at org.junit.Assert.fail(Assert.java:86)
	at org.junit.Assert.fail(Assert.java:95)
	at Utilities.Tools.checkSuccessiveNonWorkingDay(Tools.java:336)
	at StepDefinitions.TestStepDefinitions.the_days_a_week_meeting_is_not_repeated_on_successive_days_for_the_days(TestStepDefinitions.java:69)
	at ✽.the &quot;3&quot; days a week meeting is not repeated on successive days for the days &quot;tuesday wednesday saturday&quot;(file:///C:/Users/maliniv/Desktop/Sample/AndroidMobileAppAutomation/CalenderOne/src/test/java/Feature/CalenderEvents.feature:7)
</failure>
    <system-out>&amp;#27;[35m[Appium]&amp;#27;[39m Welcome to Appium v1.18.3
&amp;#27;[35m[Appium]&amp;#27;[39m Non-default server args:
&amp;#27;[35m[Appium]&amp;#27;[39m   port: 39420
&amp;#27;[35m[Appium]&amp;#27;[39m Appium REST http interface listener started on 0.0.0.0:39420
&amp;#27;[35m[HTTP]&amp;#27;[39m &amp;#27;[37m--&gt;&amp;#27;[39m &amp;#27;[37mGET&amp;#27;[39m &amp;#27;[37m/wd/hub/status&amp;#27;[39m
&amp;#27;[35m[HTTP]&amp;#27;[39m &amp;#27;[90m{}&amp;#27;[39m
[debug] &amp;#27;[35m[GENERIC]&amp;#27;[39m Calling AppiumDriver.getStatus() with args: []
[debug] &amp;#27;[35m[GENERIC]&amp;#27;[39m Responding to client with driver.getStatus() result: {&quot;build&quot;:{&quot;version&quot;:&quot;1.18.3&quot;}}
GalaxyS10e
&amp;#27;[35m[HTTP]&amp;#27;[39m &amp;#27;[37m&lt;-- GET /wd/hub/status &amp;#27;[39m&amp;#27;[32m200&amp;#27;[39m &amp;#27;[90m11 ms - 68&amp;#27;[39m
&amp;#27;[35m[HTTP]&amp;#27;[39m &amp;#27;[90m&amp;#27;[39m
&amp;#27;[35m[HTTP]&amp;#27;[39m &amp;#27;[37m--&gt;&amp;#27;[39m &amp;#27;[37mGET&amp;#27;[39m &amp;#27;[37m/wd/hub/status&amp;#27;[39m
&amp;#27;[35m[HTTP]&amp;#27;[39m &amp;#27;[90m{}&amp;#27;[39m
[debug] &amp;#27;[35m[GENERIC]&amp;#27;[39m Calling AppiumDriver.getStatus() with args: []
[debug] &amp;#27;[35m[GENERIC]&amp;#27;[39m Responding to client with driver.getStatus() result: {&quot;build&quot;:{&quot;version&quot;:&quot;1.18.3&quot;}}
&amp;#27;[35m[HTTP]&amp;#27;[39m &amp;#27;[37m&lt;-- GET /wd/hub/status &amp;#27;[39m&amp;#27;[32m200&amp;#27;[39m &amp;#27;[90m2 ms - 68&amp;#27;[39m
&amp;#27;[35m[HTTP]&amp;#27;[39m &amp;#27;[90m&amp;#27;[39m
&amp;#27;[35m[HTTP]&amp;#27;[39m &amp;#27;[37m--&gt;&amp;#27;[39m &amp;#27;[37mPOST&amp;#27;[39m &amp;#27;[37m/wd/hub/session&amp;#27;[39m
&amp;#27;[35m[HTTP]&amp;#27;[39m &amp;#27;[90m{&quot;desiredCapabilities&quot;:{&quot;appActivity&quot;:&quot;com.samsung.android.app.calendar.activity.MainActivity&quot;,&quot;appPackage&quot;:&quot;com.samsung.android.calendar&quot;,&quot;noReset&quot;:true,&quot;newCommandTimeout&quot;:&quot;10000&quot;,&quot;platformVersion&quot;:&quot;10&quot;,&quot;automationName&quot;:&quot;UiAutomator2&quot;,&quot;platformName&quot;:&quot;Android&quot;,&quot;deviceName&quot;:&quot;GalaxyS10e&quot;},&quot;capabilities&quot;:{&quot;firstMatch&quot;:[{&quot;appium:appActivity&quot;:&quot;com.samsung.android.app.calendar.activity.MainActivity&quot;,&quot;appium:appPackage&quot;:&quot;com.samsung.android.calendar&quot;,&quot;appium:automationName&quot;:&quot;UiAutomator2&quot;,&quot;appium:deviceName&quot;:&quot;GalaxyS10e&quot;,&quot;appium:newCommandTimeout&quot;:&quot;10000&quot;,&quot;appium:noReset&quot;:true,&quot;platformName&quot;:&quot;android&quot;,&quot;appium:platformVersion&quot;:&quot;10&quot;}]}}&amp;#27;[39m
[debug] &amp;#27;[35m[W3C]&amp;#27;[39m Calling AppiumDriver.createSession() with args: [{&quot;appActivity&quot;:&quot;com.samsung.android.app.calendar.activity.MainActivity&quot;,&quot;appPackage&quot;:&quot;com.samsung.android.calendar&quot;,&quot;noReset&quot;:true,&quot;newCommandTimeout&quot;:&quot;10000&quot;,&quot;platformVersion&quot;:&quot;10&quot;,&quot;automationName&quot;:&quot;UiAutomator2&quot;,&quot;platformName&quot;:&quot;Android&quot;,&quot;deviceName&quot;:&quot;GalaxyS10e&quot;},null,{&quot;firstMatch&quot;:[{&quot;appium:appActivity&quot;:&quot;com.samsung.android.app.calendar.activity.MainActivity&quot;,&quot;appium:appPackage&quot;:&quot;com.samsung.android.calendar&quot;,&quot;appium:automationName&quot;:&quot;UiAutomator2&quot;,&quot;appium:deviceName&quot;:&quot;GalaxyS10e&quot;,&quot;appium:newCommandTimeout&quot;:&quot;10000&quot;,&quot;appium:noReset&quot;:true,&quot;platformName&quot;:&quot;android&quot;,&quot;appium:platformVersion&quot;:&quot;10&quot;}]}]
[debug] &amp;#27;[35m[BaseDriver]&amp;#27;[39m Event &apos;newSessionRequested&apos; logged at 1612220276969 (08:57:56 GMT+1000 (Australian Eastern Standard Time))
&amp;#27;[35m[BaseDriver]&amp;#27;[39m Number capability passed in as string. Functionality may be compromised.
&amp;#27;[35m[Appium]&amp;#27;[39m Appium v1.18.3 creating new AndroidUiautomator2Driver (v1.56.1) session
[debug] &amp;#27;[35m[BaseDriver]&amp;#27;[39m W3C capabilities and MJSONWP desired capabilities were provided
[debug] &amp;#27;[35m[BaseDriver]&amp;#27;[39m Creating session with W3C capabilities: {
[debug] &amp;#27;[35m[BaseDriver]&amp;#27;[39m   &quot;alwaysMatch&quot;: {
[debug] &amp;#27;[35m[BaseDriver]&amp;#27;[39m     &quot;platformName&quot;: &quot;android&quot;,
[debug] &amp;#27;[35m[BaseDriver]&amp;#27;[39m     &quot;appium:appActivity&quot;: &quot;com.samsung.android.app.calendar.activity.MainActivity&quot;,
[debug] &amp;#27;[35m[BaseDriver]&amp;#27;[39m     &quot;appium:appPackage&quot;: &quot;com.samsung.android.calendar&quot;,
[debug] &amp;#27;[35m[BaseDriver]&amp;#27;[39m     &quot;appium:automationName&quot;: &quot;UiAutomator2&quot;,
[debug] &amp;#27;[35m[BaseDriver]&amp;#27;[39m     &quot;appium:deviceName&quot;: &quot;GalaxyS10e&quot;,
[debug] &amp;#27;[35m[BaseDriver]&amp;#27;[39m     &quot;appium:newCommandTimeout&quot;: &quot;10000&quot;,
[debug] &amp;#27;[35m[BaseDriver]&amp;#27;[39m     &quot;appium:noReset&quot;: true,
[debug] &amp;#27;[35m[BaseDriver]&amp;#27;[39m     &quot;appium:platformVersion&quot;: &quot;10&quot;
[debug] &amp;#27;[35m[BaseDriver]&amp;#27;[39m   },
[debug] &amp;#27;[35m[BaseDriver]&amp;#27;[39m   &quot;firstMatch&quot;: [
[debug] &amp;#27;[35m[BaseDriver]&amp;#27;[39m     {}
[debug] &amp;#27;[35m[BaseDriver]&amp;#27;[39m   ]
[debug] &amp;#27;[35m[BaseDriver]&amp;#27;[39m }
&amp;#27;[35m[BaseDriver]&amp;#27;[39m Number capability passed in as string. Functionality may be compromised.
&amp;#27;[35m[BaseDriver]&amp;#27;[39m Capability &apos;newCommandTimeout&apos; changed from string (&apos;10000&apos;) to integer (10000). This may cause unexpected behavior
&amp;#27;[35m[BaseDriver]&amp;#27;[39m Session created with session id: 0bf2b727-b005-49fa-ad71-0321dbc60b93
&amp;#27;[35m[UiAutomator2]&amp;#27;[39m Starting &apos;com.samsung.android.calendar&apos; directly on the device
&amp;#27;[35m[ADB]&amp;#27;[39m Found 2 &apos;build-tools&apos; folders under &apos;C:\Users\maliniv\AppData\Local\Android\Sdk&apos; (newest first):
&amp;#27;[35m[ADB]&amp;#27;[39m     C:/Users/maliniv/AppData/Local/Android/Sdk/build-tools/30.0.2
&amp;#27;[35m[ADB]&amp;#27;[39m     C:/Users/maliniv/AppData/Local/Android/Sdk/build-tools/29.0.2
&amp;#27;[35m[ADB]&amp;#27;[39m Using &apos;adb.exe&apos; from &apos;C:\Users\maliniv\AppData\Local\Android\Sdk\platform-tools\adb.exe&apos;
[debug] &amp;#27;[35m[ADB]&amp;#27;[39m Running &apos;C:\Users\maliniv\AppData\Local\Android\Sdk\platform-tools\adb.exe -P 5037 start-server&apos;
&amp;#27;[35m[AndroidDriver]&amp;#27;[39m Retrieving device list
[debug] &amp;#27;[35m[ADB]&amp;#27;[39m Trying to find a connected android device
[debug] &amp;#27;[35m[ADB]&amp;#27;[39m Getting connected devices
[debug] &amp;#27;[35m[ADB]&amp;#27;[39m Connected devices: [{&quot;udid&quot;:&quot;192.168.1.101:5555&quot;,&quot;state&quot;:&quot;device&quot;}]
&amp;#27;[35m[AndroidDriver]&amp;#27;[39m Looking for a device with Android &apos;10.0.0&apos;
[debug] &amp;#27;[35m[ADB]&amp;#27;[39m Setting device id to 192.168.1.101:5555
&amp;#27;[35m[ADB]&amp;#27;[39m Getting device platform version
[debug] &amp;#27;[35m[ADB]&amp;#27;[39m Running &apos;C:\Users\maliniv\AppData\Local\Android\Sdk\platform-tools\adb.exe -P 5037 -s 192.168.1.101\:5555 shell getprop ro.build.version.release&apos;
[debug] &amp;#27;[35m[ADB]&amp;#27;[39m Current device property &apos;ro.build.version.release&apos;: 10
&amp;#27;[35m[AndroidDriver]&amp;#27;[39m Using device: 192.168.1.101:5555
&amp;#27;[35m[ADB]&amp;#27;[39m Using &apos;adb.exe&apos; from &apos;C:\Users\maliniv\AppData\Local\Android\Sdk\platform-tools\adb.exe&apos;
[debug] &amp;#27;[35m[ADB]&amp;#27;[39m Running &apos;C:\Users\maliniv\AppData\Local\Android\Sdk\platform-tools\adb.exe -P 5037 start-server&apos;
[debug] &amp;#27;[35m[ADB]&amp;#27;[39m Setting device id to 192.168.1.101:5555
[debug] &amp;#27;[35m[ADB]&amp;#27;[39m Running &apos;C:\Users\maliniv\AppData\Local\Android\Sdk\platform-tools\adb.exe -P 5037 -s 192.168.1.101\:5555 shell getprop ro.build.version.sdk&apos;
[debug] &amp;#27;[35m[ADB]&amp;#27;[39m Current device property &apos;ro.build.version.sdk&apos;: 29
&amp;#27;[35m[ADB]&amp;#27;[39m Getting device platform version
[debug] &amp;#27;[35m[ADB]&amp;#27;[39m Running &apos;C:\Users\maliniv\AppData\Local\Android\Sdk\platform-tools\adb.exe -P 5037 -s 192.168.1.101\:5555 shell getprop ro.build.version.release&apos;
[debug] &amp;#27;[35m[ADB]&amp;#27;[39m Current device property &apos;ro.build.version.release&apos;: 10
[debug] &amp;#27;[35m[ADB]&amp;#27;[39m Device API level: 29
&amp;#27;[35m[UiAutomator2]&amp;#27;[39m Relaxing hidden api policy
[debug] &amp;#27;[35m[ADB]&amp;#27;[39m Running &apos;C:\Users\maliniv\AppData\Local\Android\Sdk\platform-tools\adb.exe -P 5037 -s 192.168.1.101\:5555 shell &apos;settings put global hidden_api_policy_pre_p_apps 1;settings put global hidden_api_policy_p_apps 1;settings put global hidden_api_policy 1&apos;&apos;
&amp;#27;[35m[AndroidDriver]&amp;#27;[39m No app sent in, not parsing package/activity
[debug] &amp;#27;[35m[ADB]&amp;#27;[39m Running &apos;C:\Users\maliniv\AppData\Local\Android\Sdk\platform-tools\adb.exe -P 5037 -s 192.168.1.101\:5555 wait-for-device&apos;
[debug] &amp;#27;[35m[ADB]&amp;#27;[39m Running &apos;C:\Users\maliniv\AppData\Local\Android\Sdk\platform-tools\adb.exe -P 5037 -s 192.168.1.101\:5555 shell echo ping&apos;
[debug] &amp;#27;[35m[AndroidDriver]&amp;#27;[39m Pushing settings apk to device...
[debug] &amp;#27;[35m[ADB]&amp;#27;[39m Getting install status for io.appium.settings
[debug] &amp;#27;[35m[ADB]&amp;#27;[39m Running &apos;C:\Users\maliniv\AppData\Local\Android\Sdk\platform-tools\adb.exe -P 5037 -s 192.168.1.101\:5555 shell dumpsys package io.appium.settings&apos;
[debug] &amp;#27;[35m[ADB]&amp;#27;[39m &apos;io.appium.settings&apos; is installed
[debug] &amp;#27;[35m[ADB]&amp;#27;[39m Getting package info for &apos;io.appium.settings&apos;
[debug] &amp;#27;[35m[ADB]&amp;#27;[39m Running &apos;C:\Users\maliniv\AppData\Local\Android\Sdk\platform-tools\adb.exe -P 5037 -s 192.168.1.101\:5555 shell dumpsys package io.appium.settings&apos;
[debug] &amp;#27;[35m[ADB]&amp;#27;[39m The version name of the installed &apos;io.appium.settings&apos; is greater or equal to the application version name (&apos;3.2.0&apos; &gt;= &apos;3.2.0&apos;)
[debug] &amp;#27;[35m[ADB]&amp;#27;[39m There is no need to install/upgrade &apos;C:\Users\maliniv\AppData\Roaming\npm\node_modules\appium\node_modules\io.appium.settings\apks\settings_apk-debug.apk&apos;
[debug] &amp;#27;[35m[ADB]&amp;#27;[39m Getting IDs of all &apos;io.appium.settings&apos; processes
[debug] &amp;#27;[35m[ADB]&amp;#27;[39m Running &apos;C:\Users\maliniv\AppData\Local\Android\Sdk\platform-tools\adb.exe -P 5037 -s 192.168.1.101\:5555 shell &apos;pgrep --help; echo $?&apos;&apos;
[debug] &amp;#27;[35m[ADB]&amp;#27;[39m Running &apos;C:\Users\maliniv\AppData\Local\Android\Sdk\platform-tools\adb.exe -P 5037 -s 192.168.1.101\:5555 shell pgrep -f io\\.appium\\.settings&apos;
[debug] &amp;#27;[35m[AndroidDriver]&amp;#27;[39m io.appium.settings is already running. There is no need to reset its permissions.
[debug] &amp;#27;[35m[ADB]&amp;#27;[39m Running &apos;C:\Users\maliniv\AppData\Local\Android\Sdk\platform-tools\adb.exe -P 5037 -s 192.168.1.101\:5555 shell appops set io.appium.settings android\:mock_location allow&apos;
[debug] &amp;#27;[35m[Logcat]&amp;#27;[39m Starting logs capture with command: C:\\Users\\maliniv\\AppData\\Local\\Android\\Sdk\\platform-tools\\adb.exe -P 5037 -s 192.168.1.101\:5555 logcat -v threadtime
[debug] &amp;#27;[35m[UiAutomator2]&amp;#27;[39m Forwarding UiAutomator2 Server port 6790 to 8223
[debug] &amp;#27;[35m[ADB]&amp;#27;[39m Forwarding system: 8223 to device: 6790
[debug] &amp;#27;[35m[ADB]&amp;#27;[39m Running &apos;C:\Users\maliniv\AppData\Local\Android\Sdk\platform-tools\adb.exe -P 5037 -s 192.168.1.101\:5555 forward tcp\:8223 tcp\:6790&apos;
[debug] &amp;#27;[35m[ADB]&amp;#27;[39m Getting install status for io.appium.uiautomator2.server
[debug] &amp;#27;[35m[ADB]&amp;#27;[39m Running &apos;C:\Users\maliniv\AppData\Local\Android\Sdk\platform-tools\adb.exe -P 5037 -s 192.168.1.101\:5555 shell dumpsys package io.appium.uiautomator2.server&apos;
[debug] &amp;#27;[35m[ADB]&amp;#27;[39m &apos;io.appium.uiautomator2.server&apos; is installed
[debug] &amp;#27;[35m[ADB]&amp;#27;[39m Getting package info for &apos;io.appium.uiautomator2.server&apos;
[debug] &amp;#27;[35m[ADB]&amp;#27;[39m Running &apos;C:\Users\maliniv\AppData\Local\Android\Sdk\platform-tools\adb.exe -P 5037 -s 192.168.1.101\:5555 shell dumpsys package io.appium.uiautomator2.server&apos;
[debug] &amp;#27;[35m[ADB]&amp;#27;[39m The version name of the installed &apos;io.appium.uiautomator2.server&apos; is greater or equal to the application version name (&apos;4.12.2&apos; &gt;= &apos;4.12.2&apos;)
[debug] &amp;#27;[35m[UiAutomator2]&amp;#27;[39m io.appium.uiautomator2.server installation state: sameVersionInstalled
[debug] &amp;#27;[35m[ADB]&amp;#27;[39m Checking app cert for C:\Users\maliniv\AppData\Roaming\npm\node_modules\appium\node_modules\appium-uiautomator2-server\apks\appium-uiautomator2-server-v4.12.2.apk
&amp;#27;[35m[ADB]&amp;#27;[39m Using &apos;apksigner.jar&apos; from &apos;C:\Users\maliniv\AppData\Local\Android\Sdk\build-tools\30.0.2\lib\apksigner.jar&apos;
[debug] &amp;#27;[35m[ADB]&amp;#27;[39m Starting apksigner: &apos;C:\\Program Files\\Java\\jdk1.8.0_121\\bin\\java.exe&apos; -Xmx1024M -Xss1m -jar C:\\Users\\maliniv\\AppData\\Local\\Android\\Sdk\\build-tools\\30.0.2\\lib\\apksigner.jar verify --print-certs C:\\Users\\maliniv\\AppData\\Roaming\\npm\\node_modules\\appium\\node_modules\\appium-uiautomator2-server\\apks\\appium-uiautomator2-server-v4.12.2.apk
[debug] &amp;#27;[35m[ADB]&amp;#27;[39m apksigner stdout: Signer #1 certificate DN: EMAILADDRESS=android@android.com, CN=Android, OU=Android, O=Android, L=Mountain View, ST=California, C=US
[debug] &amp;#27;[35m[ADB]&amp;#27;[39m Signer #1 certificate SHA-256 digest: a40da80a59d170caa950cf15c18c454d47a39b26989d8b640ecd745ba71bf5dc
[debug] &amp;#27;[35m[ADB]&amp;#27;[39m Signer #1 certificate SHA-1 digest: 61ed377e85d386a8dfee6b864bd85b0bfaa5af81
[debug] &amp;#27;[35m[ADB]&amp;#27;[39m Signer #1 certificate MD5 digest: e89b158e4bcf988ebd09eb83f5378e87
[debug] &amp;#27;[35m[ADB]&amp;#27;[39m 
[debug] &amp;#27;[35m[ADB]&amp;#27;[39m &apos;C:\Users\maliniv\AppData\Roaming\npm\node_modules\appium\node_modules\appium-uiautomator2-server\apks\appium-uiautomator2-server-v4.12.2.apk&apos; is signed with the default certificate
[debug] &amp;#27;[35m[ADB]&amp;#27;[39m Getting install status for io.appium.uiautomator2.server.test
[debug] &amp;#27;[35m[ADB]&amp;#27;[39m Running &apos;C:\Users\maliniv\AppData\Local\Android\Sdk\platform-tools\adb.exe -P 5037 -s 192.168.1.101\:5555 shell dumpsys package io.appium.uiautomator2.server.test&apos;
[debug] &amp;#27;[35m[ADB]&amp;#27;[39m &apos;io.appium.uiautomator2.server.test&apos; is installed
[debug] &amp;#27;[35m[ADB]&amp;#27;[39m Checking app cert for C:\Users\maliniv\AppData\Roaming\npm\node_modules\appium\node_modules\appium-uiautomator2-server\apks\appium-uiautomator2-server-debug-androidTest.apk
[debug] &amp;#27;[35m[ADB]&amp;#27;[39m Starting apksigner: &apos;C:\\Program Files\\Java\\jdk1.8.0_121\\bin\\java.exe&apos; -Xmx1024M -Xss1m -jar C:\\Users\\maliniv\\AppData\\Local\\Android\\Sdk\\build-tools\\30.0.2\\lib\\apksigner.jar verify --print-certs C:\\Users\\maliniv\\AppData\\Roaming\\npm\\node_modules\\appium\\node_modules\\appium-uiautomator2-server\\apks\\appium-uiautomator2-server-debug-androidTest.apk
[debug] &amp;#27;[35m[ADB]&amp;#27;[39m apksigner stdout: Signer #1 certificate DN: EMAILADDRESS=android@android.com, CN=Android, OU=Android, O=Android, L=Mountain View, ST=California, C=US
[debug] &amp;#27;[35m[ADB]&amp;#27;[39m Signer #1 certificate SHA-256 digest: a40da80a59d170caa950cf15c18c454d47a39b26989d8b640ecd745ba71bf5dc
[debug] &amp;#27;[35m[ADB]&amp;#27;[39m Signer #1 certificate SHA-1 digest: 61ed377e85d386a8dfee6b864bd85b0bfaa5af81
[debug] &amp;#27;[35m[ADB]&amp;#27;[39m Signer #1 certificate MD5 digest: e89b158e4bcf988ebd09eb83f5378e87
[debug] &amp;#27;[35m[ADB]&amp;#27;[39m 
[debug] &amp;#27;[35m[ADB]&amp;#27;[39m &apos;C:\Users\maliniv\AppData\Roaming\npm\node_modules\appium\node_modules\appium-uiautomator2-server\apks\appium-uiautomator2-server-debug-androidTest.apk&apos; is signed with the default certificate
&amp;#27;[35m[UiAutomator2]&amp;#27;[39m Server packages are not going to be (re)installed
[debug] &amp;#27;[35m[UiAutomator2]&amp;#27;[39m Waiting up to 30000ms for services to be available
[debug] &amp;#27;[35m[ADB]&amp;#27;[39m Running &apos;C:\Users\maliniv\AppData\Local\Android\Sdk\platform-tools\adb.exe -P 5037 -s 192.168.1.101\:5555 shell pm list instrumentation&apos;
[debug] &amp;#27;[35m[UiAutomator2]&amp;#27;[39m Instrumentation target &apos;io.appium.uiautomator2.server.test/androidx.test.runner.AndroidJUnitRunner&apos; is available
[debug] &amp;#27;[35m[UiAutomator2]&amp;#27;[39m No app capability. Assuming it is already on the device
[debug] &amp;#27;[35m[UiAutomator2]&amp;#27;[39m Performing shallow cleanup of automation leftovers
[debug] &amp;#27;[35m[UiAutomator2]&amp;#27;[39m The following obsolete sessions are still running: [null]
[debug] &amp;#27;[35m[UiAutomator2]&amp;#27;[39m Cleaning up the obsolete sessions
[debug] &amp;#27;[35m[ADB]&amp;#27;[39m Running &apos;C:\Users\maliniv\AppData\Local\Android\Sdk\platform-tools\adb.exe -P 5037 -s 192.168.1.101\:5555 shell am force-stop io.appium.uiautomator2.server.test&apos;
&amp;#27;[35m[UiAutomator2]&amp;#27;[39m Starting UIAutomator2 server 4.12.2
&amp;#27;[35m[UiAutomator2]&amp;#27;[39m Using UIAutomator2 server from &apos;C:\Users\maliniv\AppData\Roaming\npm\node_modules\appium\node_modules\appium-uiautomator2-server\apks\appium-uiautomator2-server-v4.12.2.apk&apos; and test from &apos;C:\Users\maliniv\AppData\Roaming\npm\node_modules\appium\node_modules\appium-uiautomator2-server\apks\appium-uiautomator2-server-debug-androidTest.apk&apos;
&amp;#27;[35m[UiAutomator2]&amp;#27;[39m Waiting up to 30000ms for UiAutomator2 to be online...
[debug] &amp;#27;[35m[ADB]&amp;#27;[39m Creating ADB subprocess with args: [&quot;-P&quot;,5037,&quot;-s&quot;,&quot;192.168.1.101:5555&quot;,&quot;shell&quot;,&quot;am&quot;,&quot;instrument&quot;,&quot;-w&quot;,&quot;io.appium.uiautomator2.server.test/androidx.test.runner.AndroidJUnitRunner&quot;]
[debug] &amp;#27;[35m[Instrumentation]&amp;#27;[39m io.appium.uiautomator2.server.test.AppiumUiAutomator2Server:
[debug] &amp;#27;[35m[WD Proxy]&amp;#27;[39m Matched &apos;/status&apos; to command name &apos;getStatus&apos;
[debug] &amp;#27;[35m[WD Proxy]&amp;#27;[39m Proxying [GET /status] to [GET http://127.0.0.1:8223/wd/hub/status] with no body
&amp;#27;[35m[WD Proxy]&amp;#27;[39m socket hang up
[debug] &amp;#27;[35m[WD Proxy]&amp;#27;[39m Matched &apos;/status&apos; to command name &apos;getStatus&apos;
[debug] &amp;#27;[35m[WD Proxy]&amp;#27;[39m Proxying [GET /status] to [GET http://127.0.0.1:8223/wd/hub/status] with no body
[debug] &amp;#27;[35m[WD Proxy]&amp;#27;[39m Got response with status 200: {&quot;sessionId&quot;:&quot;None&quot;,&quot;value&quot;:{&quot;message&quot;:&quot;UiAutomator2 Server is ready to accept commands&quot;,&quot;ready&quot;:true}}
[debug] &amp;#27;[35m[UiAutomator2]&amp;#27;[39m The initialization of the instrumentation process took 2978ms
[debug] &amp;#27;[35m[WD Proxy]&amp;#27;[39m Matched &apos;/session&apos; to command name &apos;createSession&apos;
[debug] &amp;#27;[35m[WD Proxy]&amp;#27;[39m Proxying [POST /session] to [POST http://127.0.0.1:8223/wd/hub/session] with body: {&quot;capabilities&quot;:{&quot;firstMatch&quot;:[{&quot;platform&quot;:&quot;LINUX&quot;,&quot;webStorageEnabled&quot;:false,&quot;takesScreenshot&quot;:true,&quot;javascriptEnabled&quot;:true,&quot;databaseEnabled&quot;:false,&quot;networkConnectionEnabled&quot;:true,&quot;locationContextEnabled&quot;:false,&quot;warnings&quot;:{},&quot;desired&quot;:{&quot;platformName&quot;:&quot;android&quot;,&quot;appActivity&quot;:&quot;com.samsung.android.app.calendar.activity.MainActivity&quot;,&quot;appPackage&quot;:&quot;com.samsung.android.calendar&quot;,&quot;automationName&quot;:&quot;UiAutomator2&quot;,&quot;deviceName&quot;:&quot;GalaxyS10e&quot;,&quot;newCommandTimeout&quot;:10000,&quot;noReset&quot;:true,&quot;platformVersion&quot;:&quot;10&quot;},&quot;platformName&quot;:&quot;android&quot;,&quot;appActivity&quot;:&quot;com.samsung.android.app.calendar.activity.MainActivity&quot;,&quot;appPackage&quot;:&quot;com.samsung.android.calendar&quot;,&quot;automationName&quot;:&quot;UiAutomator2&quot;,&quot;deviceName&quot;:&quot;192.168.1.101:5555&quot;,&quot;newCommandTimeout&quot;:10000,&quot;noReset&quot;:true,&quot;platformVersion&quot;:&quot;10&quot;,&quot;deviceUDID&quot;:&quot;192.168.1.101:5555&quot;}],&quot;alwaysMatch&quot;:{}}}
[debug] &amp;#27;[35m[WD Proxy]&amp;#27;[39m Got response with status 200: {&quot;sessionId&quot;:&quot;509ee935-af7b-453d-9927-0bcc849a6600&quot;,&quot;value&quot;:{&quot;capabilities&quot;:{&quot;firstMatch&quot;:[{&quot;platform&quot;:&quot;LINUX&quot;,&quot;webStorageEnabled&quot;:false,&quot;takesScreenshot&quot;:true,&quot;javascriptEnabled&quot;:true,&quot;databaseEnabled&quot;:false,&quot;networkConnectionEnabled&quot;:true,&quot;locationContextEnabled&quot;:false,&quot;warnings&quot;:{},&quot;desired&quot;:{&quot;platformName&quot;:&quot;android&quot;,&quot;appActivity&quot;:&quot;com.samsung.android.app.calendar.activity.MainActivity&quot;,&quot;appPackage&quot;:&quot;com.samsung.android.calendar&quot;,&quot;automationName&quot;:&quot;UiAutomator2&quot;,&quot;deviceName&quot;:&quot;GalaxyS10e&quot;,&quot;newCommandTimeout&quot;:10000,&quot;noReset&quot;:true,&quot;platformVersion&quot;:&quot;10&quot;},&quot;platformName&quot;:&quot;android&quot;,&quot;appActivity&quot;:&quot;com.samsung.android.app.calendar.activity.MainActivity&quot;,&quot;appPackage&quot;:&quot;com.samsung.android.calendar&quot;,&quot;automationName&quot;:&quot;UiAutomator2&quot;,&quot;deviceName&quot;:&quot;192.168.1.101:5555&quot;,&quot;newCommandTimeout&quot;:10000,&quot;noReset&quot;:true,&quot;platformVersion&quot;:&quot;10&quot;,&quot;deviceUDID&quot;:&quot;192.168.1.101:5555&quot;}],&quot;alwaysMatch&quot;:{}},&quot;sessionId&quot;:&quot;509ee935-af7b-453d-9927-0bcc849a6600&quot;}}
&amp;#27;[35m[WD Proxy]&amp;#27;[39m Determined the downstream protocol as &apos;W3C&apos;
[debug] &amp;#27;[35m[WD Proxy]&amp;#27;[39m Proxying [GET /appium/device/info] to [GET http://127.0.0.1:8223/wd/hub/session/509ee935-af7b-453d-9927-0bcc849a6600/appium/device/info] with no body
[debug] &amp;#27;[35m[WD Proxy]&amp;#27;[39m Got response with status 200: {&quot;sessionId&quot;:&quot;509ee935-af7b-453d-9927-0bcc849a6600&quot;,&quot;value&quot;:{&quot;androidId&quot;:&quot;62f0e43bb0e2450e&quot;,&quot;apiVersion&quot;:&quot;29&quot;,&quot;bluetooth&quot;:{&quot;state&quot;:&quot;OFF&quot;},&quot;brand&quot;:&quot;samsung&quot;,&quot;carrierName&quot;:&quot;Vodafone AU&quot;,&quot;displayDensity&quot;:480,&quot;locale&quot;:&quot;en_AU&quot;,&quot;manufacturer&quot;:&quot;samsung&quot;,&quot;model&quot;:&quot;SM-G970F&quot;,&quot;networks&quot;:[{&quot;capabilities&quot;:{&quot;SSID&quot;:null,&quot;linkDownBandwidthKbps&quot;:102400,&quot;linkUpstreamBandwidthKbps&quot;:51200,&quot;networkCapabilities&quot;:&quot;NET_CAPABILITY_IMS,NET_CAPABILITY_NOT_METERED,NET_CAPABILITY_TRUSTED,NET_CAPABILITY_NOT_VPN,NET_CAPABILITY_VALIDATED,NET_CAPABILITY_NOT_ROAMING,NET_CAPABILITY_FOREGROUND,NET_CAPABILITY_NOT_CONGESTED,NET_CAPABILITY_NOT_SUSPENDED&quot;,&quot;signalStrength&quot;:-2147483648,&quot;transportTypes&quot;:&quot;TRANSPORT_CELLULAR&quot;},&quot;detailedState&quot;:&quot;CONNECTED&quot;,&quot;extraInfo&quot;:&quot;IMS&quot;,&quot;isAvailable&quot;:true,&quot;isConnected&quot;:true,&quot;isFailover&quot;:false,&quot;isRoaming&quot;:false,&quot;state&quot;:&quot;CONNECTED&quot;,&quot;subtype&quot;:13,&quot;subtypeName&quot;:&quot;LTE&quot;,&quot;type&quot;:0,&quot;typeName&quot;:&quot;MOBILE&quot;},{&quot;capabilities&quot;:{&quot;SSID&quot;:null,&quot;linkDownBandwidthKbps&quot;:1048576,&quot;linkUpstreamBandwidthKbps&quot;:1048576,&quot;networkCapabilities&quot;:&quot;NET_C...
[debug] &amp;#27;[35m[ADB]&amp;#27;[39m Running &apos;C:\Users\maliniv\AppData\Local\Android\Sdk\platform-tools\adb.exe -P 5037 -s 192.168.1.101\:5555 shell dumpsys window&apos;
&amp;#27;[35m[AndroidDriver]&amp;#27;[39m Screen already unlocked, doing nothing
&amp;#27;[35m[UiAutomator2]&amp;#27;[39m Starting &apos;com.samsung.android.calendar/com.samsung.android.app.calendar.activity.MainActivity and waiting for &apos;com.samsung.android.calendar/com.samsung.android.app.calendar.activity.MainActivity&apos;
[debug] &amp;#27;[35m[ADB]&amp;#27;[39m Running &apos;C:\Users\maliniv\AppData\Local\Android\Sdk\platform-tools\adb.exe -P 5037 -s 192.168.1.101\:5555 shell am start -W -n com.samsung.android.calendar/com.samsung.android.app.calendar.activity.MainActivity -S -a android.intent.action.MAIN -c android.intent.category.LAUNCHER -f 0x10200000&apos;
[debug] &amp;#27;[35m[WD Proxy]&amp;#27;[39m Proxying [GET /appium/device/pixel_ratio] to [GET http://127.0.0.1:8223/wd/hub/session/509ee935-af7b-453d-9927-0bcc849a6600/appium/device/pixel_ratio] with no body
[debug] &amp;#27;[35m[WD Proxy]&amp;#27;[39m Got response with status 200: {&quot;sessionId&quot;:&quot;509ee935-af7b-453d-9927-0bcc849a6600&quot;,&quot;value&quot;:3}
[debug] &amp;#27;[35m[WD Proxy]&amp;#27;[39m Matched &apos;/appium/device/system_bars&apos; to command name &apos;getSystemBars&apos;
[debug] &amp;#27;[35m[WD Proxy]&amp;#27;[39m Proxying [GET /appium/device/system_bars] to [GET http://127.0.0.1:8223/wd/hub/session/509ee935-af7b-453d-9927-0bcc849a6600/appium/device/system_bars] with no body
[debug] &amp;#27;[35m[WD Proxy]&amp;#27;[39m Got response with status 200: {&quot;sessionId&quot;:&quot;509ee935-af7b-453d-9927-0bcc849a6600&quot;,&quot;value&quot;:{&quot;statusBar&quot;:117}}
[debug] &amp;#27;[35m[WD Proxy]&amp;#27;[39m Matched &apos;/window/current/size&apos; to command name &apos;getWindowSize&apos;
[debug] &amp;#27;[35m[WD Proxy]&amp;#27;[39m Proxying [GET /window/current/size] to [GET http://127.0.0.1:8223/wd/hub/session/509ee935-af7b-453d-9927-0bcc849a6600/window/current/size] with no body
[debug] &amp;#27;[35m[WD Proxy]&amp;#27;[39m Got response with status 200: {&quot;sessionId&quot;:&quot;509ee935-af7b-453d-9927-0bcc849a6600&quot;,&quot;value&quot;:{&quot;height&quot;:2020,&quot;width&quot;:1080}}
&amp;#27;[35m[Appium]&amp;#27;[39m New AndroidUiautomator2Driver session created successfully, session 0bf2b727-b005-49fa-ad71-0321dbc60b93 added to master session list
[debug] &amp;#27;[35m[BaseDriver]&amp;#27;[39m Event &apos;newSessionStarted&apos; logged at 1612220290514 (08:58:10 GMT+1000 (Australian Eastern Standard Time))
[debug] &amp;#27;[35m[W3C (0bf2b727)]&amp;#27;[39m Cached the protocol value &apos;W3C&apos; for the new session 0bf2b727-b005-49fa-ad71-0321dbc60b93
[debug] &amp;#27;[35m[W3C (0bf2b727)]&amp;#27;[39m Responding to client with driver.createSession() result: {&quot;capabilities&quot;:{&quot;platform&quot;:&quot;LINUX&quot;,&quot;webStorageEnabled&quot;:false,&quot;takesScreenshot&quot;:true,&quot;javascriptEnabled&quot;:true,&quot;databaseEnabled&quot;:false,&quot;networkConnectionEnabled&quot;:true,&quot;locationContextEnabled&quot;:false,&quot;warnings&quot;:{},&quot;desired&quot;:{&quot;platformName&quot;:&quot;android&quot;,&quot;appActivity&quot;:&quot;com.samsung.android.app.calendar.activity.MainActivity&quot;,&quot;appPackage&quot;:&quot;com.samsung.android.calendar&quot;,&quot;automationName&quot;:&quot;UiAutomator2&quot;,&quot;deviceName&quot;:&quot;GalaxyS10e&quot;,&quot;newCommandTimeout&quot;:10000,&quot;noReset&quot;:true,&quot;platformVersion&quot;:&quot;10&quot;},&quot;platformName&quot;:&quot;android&quot;,&quot;appActivity&quot;:&quot;com.samsung.android.app.calendar.activity.MainActivity&quot;,&quot;appPackage&quot;:&quot;com.samsung.android.calendar&quot;,&quot;automationName&quot;:&quot;UiAutomator2&quot;,&quot;deviceName&quot;:&quot;192.168.1.101:5555&quot;,&quot;newCommandTimeout&quot;:10000,&quot;noReset&quot;:true,&quot;platformVersion&quot;:&quot;10&quot;,&quot;deviceUDID&quot;:&quot;192.168.1.101:5555&quot;,&quot;deviceApiLevel&quot;:29,&quot;deviceScreenSize&quot;:&quot;1080x2280&quot;,&quot;deviceScreenDensity&quot;:480,&quot;deviceModel&quot;:&quot;SM-G970F&quot;,&quot;deviceManufacturer&quot;:&quot;samsung&quot;,&quot;pixelRatio&quot;:3,&quot;statBarHeight&quot;:117,&quot;viewportRect&quot;:{&quot;left&quot;:0,&quot;top&quot;:117,&quot;width&quot;:1080,&quot;height&quot;:1903}}}
&amp;#27;[35m[HTTP]&amp;#27;[39m &amp;#27;[37m&lt;-- POST /wd/hub/session &amp;#27;[39m&amp;#27;[32m200&amp;#27;[39m &amp;#27;[90m13551 ms - 1082&amp;#27;[39m
&amp;#27;[35m[HTTP]&amp;#27;[39m &amp;#27;[90m&amp;#27;[39m
&amp;#27;[35m[HTTP]&amp;#27;[39m &amp;#27;[37m--&gt;&amp;#27;[39m &amp;#27;[37mPOST&amp;#27;[39m &amp;#27;[37m/wd/hub/session/0bf2b727-b005-49fa-ad71-0321dbc60b93/timeouts&amp;#27;[39m
&amp;#27;[35m[HTTP]&amp;#27;[39m &amp;#27;[90m{&quot;implicit&quot;:10000}&amp;#27;[39m
[debug] &amp;#27;[35m[W3C (0bf2b727)]&amp;#27;[39m Calling AppiumDriver.timeouts() with args: [null,null,null,null,10000,&quot;0bf2b727-b005-49fa-ad71-0321dbc60b93&quot;]
[debug] &amp;#27;[35m[BaseDriver]&amp;#27;[39m W3C timeout argument: {&quot;implicit&quot;:10000}}
[debug] &amp;#27;[35m[BaseDriver]&amp;#27;[39m Set implicit wait to 10000ms
[debug] &amp;#27;[35m[W3C (0bf2b727)]&amp;#27;[39m Responding to client with driver.timeouts() result: null
&amp;#27;[35m[HTTP]&amp;#27;[39m &amp;#27;[37m&lt;-- POST /wd/hub/session/0bf2b727-b005-49fa-ad71-0321dbc60b93/timeouts &amp;#27;[39m&amp;#27;[32m200&amp;#27;[39m &amp;#27;[90m6 ms - 14&amp;#27;[39m
&amp;#27;[35m[HTTP]&amp;#27;[39m &amp;#27;[90m&amp;#27;[39m
&amp;#27;[35m[HTTP]&amp;#27;[39m &amp;#27;[37m--&gt;&amp;#27;[39m &amp;#27;[37mGET&amp;#27;[39m &amp;#27;[37m/wd/hub/session/0bf2b727-b005-49fa-ad71-0321dbc60b93/context&amp;#27;[39m
&amp;#27;[35m[HTTP]&amp;#27;[39m &amp;#27;[90m{}&amp;#27;[39m
[debug] &amp;#27;[35m[W3C (0bf2b727)]&amp;#27;[39m Calling AppiumDriver.getCurrentContext() with args: [&quot;0bf2b727-b005-49fa-ad71-0321dbc60b93&quot;]
[debug] &amp;#27;[35m[W3C (0bf2b727)]&amp;#27;[39m Responding to client with driver.getCurrentContext() result: &quot;NATIVE_APP&quot;
&amp;#27;[35m[HTTP]&amp;#27;[39m &amp;#27;[37m&lt;-- GET /wd/hub/session/0bf2b727-b005-49fa-ad71-0321dbc60b93/context &amp;#27;[39m&amp;#27;[32m200&amp;#27;[39m &amp;#27;[90m8 ms - 22&amp;#27;[39m
&amp;#27;[35m[HTTP]&amp;#27;[39m &amp;#27;[90m&amp;#27;[39m
&amp;#27;[35m[HTTP]&amp;#27;[39m &amp;#27;[37m--&gt;&amp;#27;[39m &amp;#27;[37mPOST&amp;#27;[39m &amp;#27;[37m/wd/hub/session/0bf2b727-b005-49fa-ad71-0321dbc60b93/element&amp;#27;[39m
&amp;#27;[35m[HTTP]&amp;#27;[39m &amp;#27;[90m{&quot;using&quot;:&quot;id&quot;,&quot;value&quot;:&quot;com.samsung.android.calendar:id/floating_action_button&quot;}&amp;#27;[39m
[debug] &amp;#27;[35m[W3C (0bf2b727)]&amp;#27;[39m Calling AppiumDriver.findElement() with args: [&quot;id&quot;,&quot;com.samsung.android.calendar:id/floating_action_button&quot;,&quot;0bf2b727-b005-49fa-ad71-0321dbc60b93&quot;]
[debug] &amp;#27;[35m[BaseDriver]&amp;#27;[39m Valid locator strategies for this request: xpath, id, class name, accessibility id, -android uiautomator
[debug] &amp;#27;[35m[BaseDriver]&amp;#27;[39m Waiting up to 10000 ms for condition
[debug] &amp;#27;[35m[WD Proxy]&amp;#27;[39m Matched &apos;/element&apos; to command name &apos;findElement&apos;
[debug] &amp;#27;[35m[WD Proxy]&amp;#27;[39m Proxying [POST /element] to [POST http://127.0.0.1:8223/wd/hub/session/509ee935-af7b-453d-9927-0bcc849a6600/element] with body: {&quot;strategy&quot;:&quot;id&quot;,&quot;selector&quot;:&quot;com.samsung.android.calendar:id/floating_action_button&quot;,&quot;context&quot;:&quot;&quot;,&quot;multiple&quot;:false}
[debug] &amp;#27;[35m[WD Proxy]&amp;#27;[39m Got response with status 200: {&quot;sessionId&quot;:&quot;509ee935-af7b-453d-9927-0bcc849a6600&quot;,&quot;value&quot;:{&quot;ELEMENT&quot;:&quot;7e9d09c7-c317-461d-b962-bef8ed292dde&quot;,&quot;element-6066-11e4-a52e-4f735466cecf&quot;:&quot;7e9d09c7-c317-461d-b962-bef8ed292dde&quot;}}
[debug] &amp;#27;[35m[W3C (0bf2b727)]&amp;#27;[39m Responding to client with driver.findElement() result: {&quot;element-6066-11e4-a52e-4f735466cecf&quot;:&quot;7e9d09c7-c317-461d-b962-bef8ed292dde&quot;,&quot;ELEMENT&quot;:&quot;7e9d09c7-c317-461d-b962-bef8ed292dde&quot;}
&amp;#27;[35m[HTTP]&amp;#27;[39m &amp;#27;[37m&lt;-- POST /wd/hub/session/0bf2b727-b005-49fa-ad71-0321dbc60b93/element &amp;#27;[39m&amp;#27;[32m200&amp;#27;[39m &amp;#27;[90m926 ms - 137&amp;#27;[39m
&amp;#27;[35m[HTTP]&amp;#27;[39m &amp;#27;[90m&amp;#27;[39m
&amp;#27;[35m[HTTP]&amp;#27;[39m &amp;#27;[37m--&gt;&amp;#27;[39m &amp;#27;[37mPOST&amp;#27;[39m &amp;#27;[37m/wd/hub/session/0bf2b727-b005-49fa-ad71-0321dbc60b93/element/7e9d09c7-c317-461d-b962-bef8ed292dde/click&amp;#27;[39m
&amp;#27;[35m[HTTP]&amp;#27;[39m &amp;#27;[90m{&quot;id&quot;:&quot;7e9d09c7-c317-461d-b962-bef8ed292dde&quot;}&amp;#27;[39m
[debug] &amp;#27;[35m[W3C (0bf2b727)]&amp;#27;[39m Calling AppiumDriver.click() with args: [&quot;7e9d09c7-c317-461d-b962-bef8ed292dde&quot;,&quot;0bf2b727-b005-49fa-ad71-0321dbc60b93&quot;]
[debug] &amp;#27;[35m[WD Proxy]&amp;#27;[39m Matched &apos;/element/7e9d09c7-c317-461d-b962-bef8ed292dde/click&apos; to command name &apos;click&apos;
[debug] &amp;#27;[35m[WD Proxy]&amp;#27;[39m Proxying [POST /element/7e9d09c7-c317-461d-b962-bef8ed292dde/click] to [POST http://127.0.0.1:8223/wd/hub/session/509ee935-af7b-453d-9927-0bcc849a6600/element/7e9d09c7-c317-461d-b962-bef8ed292dde/click] with body: {&quot;element&quot;:&quot;7e9d09c7-c317-461d-b962-bef8ed292dde&quot;}
[debug] &amp;#27;[35m[WD Proxy]&amp;#27;[39m Got response with status 200: {&quot;sessionId&quot;:&quot;509ee935-af7b-453d-9927-0bcc849a6600&quot;,&quot;value&quot;:null}
[debug] &amp;#27;[35m[W3C (0bf2b727)]&amp;#27;[39m Responding to client with driver.click() result: null
&amp;#27;[35m[HTTP]&amp;#27;[39m &amp;#27;[37m&lt;-- POST /wd/hub/session/0bf2b727-b005-49fa-ad71-0321dbc60b93/element/7e9d09c7-c317-461d-b962-bef8ed292dde/click &amp;#27;[39m&amp;#27;[32m200&amp;#27;[39m &amp;#27;[90m133 ms - 14&amp;#27;[39m
&amp;#27;[35m[HTTP]&amp;#27;[39m &amp;#27;[90m&amp;#27;[39m
&amp;#27;[35m[HTTP]&amp;#27;[39m &amp;#27;[37m--&gt;&amp;#27;[39m &amp;#27;[37mGET&amp;#27;[39m &amp;#27;[37m/wd/hub/session/0bf2b727-b005-49fa-ad71-0321dbc60b93/context&amp;#27;[39m
&amp;#27;[35m[HTTP]&amp;#27;[39m &amp;#27;[90m{}&amp;#27;[39m
[debug] &amp;#27;[35m[W3C (0bf2b727)]&amp;#27;[39m Calling AppiumDriver.getCurrentContext() with args: [&quot;0bf2b727-b005-49fa-ad71-0321dbc60b93&quot;]
[debug] &amp;#27;[35m[W3C (0bf2b727)]&amp;#27;[39m Responding to client with driver.getCurrentContext() result: &quot;NATIVE_APP&quot;
&amp;#27;[35m[HTTP]&amp;#27;[39m &amp;#27;[37m&lt;-- GET /wd/hub/session/0bf2b727-b005-49fa-ad71-0321dbc60b93/context &amp;#27;[39m&amp;#27;[32m200&amp;#27;[39m &amp;#27;[90m6 ms - 22&amp;#27;[39m
&amp;#27;[35m[HTTP]&amp;#27;[39m &amp;#27;[90m&amp;#27;[39m
&amp;#27;[35m[HTTP]&amp;#27;[39m &amp;#27;[37m--&gt;&amp;#27;[39m &amp;#27;[37mPOST&amp;#27;[39m &amp;#27;[37m/wd/hub/session/0bf2b727-b005-49fa-ad71-0321dbc60b93/element&amp;#27;[39m
&amp;#27;[35m[HTTP]&amp;#27;[39m &amp;#27;[90m{&quot;using&quot;:&quot;id&quot;,&quot;value&quot;:&quot;com.samsung.android.calendar:id/start_label&quot;}&amp;#27;[39m
[debug] &amp;#27;[35m[W3C (0bf2b727)]&amp;#27;[39m Calling AppiumDriver.findElement() with args: [&quot;id&quot;,&quot;com.samsung.android.calendar:id/start_label&quot;,&quot;0bf2b727-b005-49fa-ad71-0321dbc60b93&quot;]
[debug] &amp;#27;[35m[BaseDriver]&amp;#27;[39m Valid locator strategies for this request: xpath, id, class name, accessibility id, -android uiautomator
[debug] &amp;#27;[35m[BaseDriver]&amp;#27;[39m Waiting up to 10000 ms for condition
[debug] &amp;#27;[35m[WD Proxy]&amp;#27;[39m Matched &apos;/element&apos; to command name &apos;findElement&apos;
[debug] &amp;#27;[35m[WD Proxy]&amp;#27;[39m Proxying [POST /element] to [POST http://127.0.0.1:8223/wd/hub/session/509ee935-af7b-453d-9927-0bcc849a6600/element] with body: {&quot;strategy&quot;:&quot;id&quot;,&quot;selector&quot;:&quot;com.samsung.android.calendar:id/start_label&quot;,&quot;context&quot;:&quot;&quot;,&quot;multiple&quot;:false}
[debug] &amp;#27;[35m[WD Proxy]&amp;#27;[39m Got response with status 200: {&quot;sessionId&quot;:&quot;509ee935-af7b-453d-9927-0bcc849a6600&quot;,&quot;value&quot;:{&quot;ELEMENT&quot;:&quot;b6a2b4ec-5a2a-4707-b4b5-7a58b86dbe1e&quot;,&quot;element-6066-11e4-a52e-4f735466cecf&quot;:&quot;b6a2b4ec-5a2a-4707-b4b5-7a58b86dbe1e&quot;}}
[debug] &amp;#27;[35m[W3C (0bf2b727)]&amp;#27;[39m Responding to client with driver.findElement() result: {&quot;element-6066-11e4-a52e-4f735466cecf&quot;:&quot;b6a2b4ec-5a2a-4707-b4b5-7a58b86dbe1e&quot;,&quot;ELEMENT&quot;:&quot;b6a2b4ec-5a2a-4707-b4b5-7a58b86dbe1e&quot;}
&amp;#27;[35m[HTTP]&amp;#27;[39m &amp;#27;[37m&lt;-- POST /wd/hub/session/0bf2b727-b005-49fa-ad71-0321dbc60b93/element &amp;#27;[39m&amp;#27;[32m200&amp;#27;[39m &amp;#27;[90m1127 ms - 137&amp;#27;[39m
&amp;#27;[35m[HTTP]&amp;#27;[39m &amp;#27;[90m&amp;#27;[39m
&amp;#27;[35m[HTTP]&amp;#27;[39m &amp;#27;[37m--&gt;&amp;#27;[39m &amp;#27;[37mPOST&amp;#27;[39m &amp;#27;[37m/wd/hub/session/0bf2b727-b005-49fa-ad71-0321dbc60b93/element/b6a2b4ec-5a2a-4707-b4b5-7a58b86dbe1e/click&amp;#27;[39m
&amp;#27;[35m[HTTP]&amp;#27;[39m &amp;#27;[90m{&quot;id&quot;:&quot;b6a2b4ec-5a2a-4707-b4b5-7a58b86dbe1e&quot;}&amp;#27;[39m
[debug] &amp;#27;[35m[W3C (0bf2b727)]&amp;#27;[39m Calling AppiumDriver.click() with args: [&quot;b6a2b4ec-5a2a-4707-b4b5-7a58b86dbe1e&quot;,&quot;0bf2b727-b005-49fa-ad71-0321dbc60b93&quot;]
[debug] &amp;#27;[35m[WD Proxy]&amp;#27;[39m Matched &apos;/element/b6a2b4ec-5a2a-4707-b4b5-7a58b86dbe1e/click&apos; to command name &apos;click&apos;
[debug] &amp;#27;[35m[WD Proxy]&amp;#27;[39m Proxying [POST /element/b6a2b4ec-5a2a-4707-b4b5-7a58b86dbe1e/click] to [POST http://127.0.0.1:8223/wd/hub/session/509ee935-af7b-453d-9927-0bcc849a6600/element/b6a2b4ec-5a2a-4707-b4b5-7a58b86dbe1e/click] with body: {&quot;element&quot;:&quot;b6a2b4ec-5a2a-4707-b4b5-7a58b86dbe1e&quot;}
[debug] &amp;#27;[35m[WD Proxy]&amp;#27;[39m Got response with status 200: {&quot;sessionId&quot;:&quot;509ee935-af7b-453d-9927-0bcc849a6600&quot;,&quot;value&quot;:null}
[debug] &amp;#27;[35m[W3C (0bf2b727)]&amp;#27;[39m Responding to client with driver.click() result: null
&amp;#27;[35m[HTTP]&amp;#27;[39m &amp;#27;[37m&lt;-- POST /wd/hub/session/0bf2b727-b005-49fa-ad71-0321dbc60b93/element/b6a2b4ec-5a2a-4707-b4b5-7a58b86dbe1e/click &amp;#27;[39m&amp;#27;[32m200&amp;#27;[39m &amp;#27;[90m2781 ms - 14&amp;#27;[39m
&amp;#27;[35m[HTTP]&amp;#27;[39m &amp;#27;[90m&amp;#27;[39m
&amp;#27;[35m[HTTP]&amp;#27;[39m &amp;#27;[37m--&gt;&amp;#27;[39m &amp;#27;[37mGET&amp;#27;[39m &amp;#27;[37m/wd/hub/session/0bf2b727-b005-49fa-ad71-0321dbc60b93/context&amp;#27;[39m
&amp;#27;[35m[HTTP]&amp;#27;[39m &amp;#27;[90m{}&amp;#27;[39m
[debug] &amp;#27;[35m[W3C (0bf2b727)]&amp;#27;[39m Calling AppiumDriver.getCurrentContext() with args: [&quot;0bf2b727-b005-49fa-ad71-0321dbc60b93&quot;]
[debug] &amp;#27;[35m[W3C (0bf2b727)]&amp;#27;[39m Responding to client with driver.getCurrentContext() result: &quot;NATIVE_APP&quot;
&amp;#27;[35m[HTTP]&amp;#27;[39m &amp;#27;[37m&lt;-- GET /wd/hub/session/0bf2b727-b005-49fa-ad71-0321dbc60b93/context &amp;#27;[39m&amp;#27;[32m200&amp;#27;[39m &amp;#27;[90m6 ms - 22&amp;#27;[39m
&amp;#27;[35m[HTTP]&amp;#27;[39m &amp;#27;[90m&amp;#27;[39m
&amp;#27;[35m[HTTP]&amp;#27;[39m &amp;#27;[37m--&gt;&amp;#27;[39m &amp;#27;[37mPOST&amp;#27;[39m &amp;#27;[37m/wd/hub/session/0bf2b727-b005-49fa-ad71-0321dbc60b93/element&amp;#27;[39m
&amp;#27;[35m[HTTP]&amp;#27;[39m &amp;#27;[90m{&quot;using&quot;:&quot;-android uiautomator&quot;,&quot;value&quot;:&quot;textContains(\&quot;Double tap to switch to calendar view.\&quot;)&quot;}&amp;#27;[39m
[debug] &amp;#27;[35m[W3C (0bf2b727)]&amp;#27;[39m Calling AppiumDriver.findElement() with args: [&quot;-android uiautomator&quot;,&quot;textContains(\&quot;Double tap to switch to calendar view.\&quot;)&quot;,&quot;0bf2b727-b005-49fa-ad71-0321dbc60b93&quot;]
[debug] &amp;#27;[35m[BaseDriver]&amp;#27;[39m Valid locator strategies for this request: xpath, id, class name, accessibility id, -android uiautomator
[debug] &amp;#27;[35m[BaseDriver]&amp;#27;[39m Waiting up to 10000 ms for condition
[debug] &amp;#27;[35m[WD Proxy]&amp;#27;[39m Matched &apos;/element&apos; to command name &apos;findElement&apos;
[debug] &amp;#27;[35m[WD Proxy]&amp;#27;[39m Proxying [POST /element] to [POST http://127.0.0.1:8223/wd/hub/session/509ee935-af7b-453d-9927-0bcc849a6600/element] with body: {&quot;strategy&quot;:&quot;-android uiautomator&quot;,&quot;selector&quot;:&quot;textContains(\&quot;Double tap to switch to calendar view.\&quot;)&quot;,&quot;context&quot;:&quot;&quot;,&quot;multiple&quot;:false}
[debug] &amp;#27;[35m[WD Proxy]&amp;#27;[39m Got response with status 200: {&quot;sessionId&quot;:&quot;509ee935-af7b-453d-9927-0bcc849a6600&quot;,&quot;value&quot;:{&quot;ELEMENT&quot;:&quot;0426a86f-26ca-4249-ad4a-fe7e8c01b1ce&quot;,&quot;element-6066-11e4-a52e-4f735466cecf&quot;:&quot;0426a86f-26ca-4249-ad4a-fe7e8c01b1ce&quot;}}
[debug] &amp;#27;[35m[W3C (0bf2b727)]&amp;#27;[39m Responding to client with driver.findElement() result: {&quot;element-6066-11e4-a52e-4f735466cecf&quot;:&quot;0426a86f-26ca-4249-ad4a-fe7e8c01b1ce&quot;,&quot;ELEMENT&quot;:&quot;0426a86f-26ca-4249-ad4a-fe7e8c01b1ce&quot;}
&amp;#27;[35m[HTTP]&amp;#27;[39m &amp;#27;[37m&lt;-- POST /wd/hub/session/0bf2b727-b005-49fa-ad71-0321dbc60b93/element &amp;#27;[39m&amp;#27;[32m200&amp;#27;[39m &amp;#27;[90m341 ms - 137&amp;#27;[39m
&amp;#27;[35m[HTTP]&amp;#27;[39m &amp;#27;[90m&amp;#27;[39m
&amp;#27;[35m[HTTP]&amp;#27;[39m &amp;#27;[37m--&gt;&amp;#27;[39m &amp;#27;[37mPOST&amp;#27;[39m &amp;#27;[37m/wd/hub/session/0bf2b727-b005-49fa-ad71-0321dbc60b93/element/0426a86f-26ca-4249-ad4a-fe7e8c01b1ce/click&amp;#27;[39m
&amp;#27;[35m[HTTP]&amp;#27;[39m &amp;#27;[90m{&quot;id&quot;:&quot;0426a86f-26ca-4249-ad4a-fe7e8c01b1ce&quot;}&amp;#27;[39m
[debug] &amp;#27;[35m[W3C (0bf2b727)]&amp;#27;[39m Calling AppiumDriver.click() with args: [&quot;0426a86f-26ca-4249-ad4a-fe7e8c01b1ce&quot;,&quot;0bf2b727-b005-49fa-ad71-0321dbc60b93&quot;]
[debug] &amp;#27;[35m[WD Proxy]&amp;#27;[39m Matched &apos;/element/0426a86f-26ca-4249-ad4a-fe7e8c01b1ce/click&apos; to command name &apos;click&apos;
[debug] &amp;#27;[35m[WD Proxy]&amp;#27;[39m Proxying [POST /element/0426a86f-26ca-4249-ad4a-fe7e8c01b1ce/click] to [POST http://127.0.0.1:8223/wd/hub/session/509ee935-af7b-453d-9927-0bcc849a6600/element/0426a86f-26ca-4249-ad4a-fe7e8c01b1ce/click] with body: {&quot;element&quot;:&quot;0426a86f-26ca-4249-ad4a-fe7e8c01b1ce&quot;}
[debug] &amp;#27;[35m[WD Proxy]&amp;#27;[39m Got response with status 200: {&quot;sessionId&quot;:&quot;509ee935-af7b-453d-9927-0bcc849a6600&quot;,&quot;value&quot;:null}
[debug] &amp;#27;[35m[W3C (0bf2b727)]&amp;#27;[39m Responding to client with driver.click() result: null
&amp;#27;[35m[HTTP]&amp;#27;[39m &amp;#27;[37m&lt;-- POST /wd/hub/session/0bf2b727-b005-49fa-ad71-0321dbc60b93/element/0426a86f-26ca-4249-ad4a-fe7e8c01b1ce/click &amp;#27;[39m&amp;#27;[32m200&amp;#27;[39m &amp;#27;[90m1187 ms - 14&amp;#27;[39m
&amp;#27;[35m[HTTP]&amp;#27;[39m &amp;#27;[90m&amp;#27;[39m
&amp;#27;[35m[HTTP]&amp;#27;[39m &amp;#27;[37m--&gt;&amp;#27;[39m &amp;#27;[37mGET&amp;#27;[39m &amp;#27;[37m/wd/hub/session/0bf2b727-b005-49fa-ad71-0321dbc60b93/context&amp;#27;[39m
&amp;#27;[35m[HTTP]&amp;#27;[39m &amp;#27;[90m{}&amp;#27;[39m
[debug] &amp;#27;[35m[W3C (0bf2b727)]&amp;#27;[39m Calling AppiumDriver.getCurrentContext() with args: [&quot;0bf2b727-b005-49fa-ad71-0321dbc60b93&quot;]
[debug] &amp;#27;[35m[W3C (0bf2b727)]&amp;#27;[39m Responding to client with driver.getCurrentContext() result: &quot;NATIVE_APP&quot;
&amp;#27;[35m[HTTP]&amp;#27;[39m &amp;#27;[37m&lt;-- GET /wd/hub/session/0bf2b727-b005-49fa-ad71-0321dbc60b93/context &amp;#27;[39m&amp;#27;[32m200&amp;#27;[39m &amp;#27;[90m2 ms - 22&amp;#27;[39m
&amp;#27;[35m[HTTP]&amp;#27;[39m &amp;#27;[90m&amp;#27;[39m
&amp;#27;[35m[HTTP]&amp;#27;[39m &amp;#27;[37m--&gt;&amp;#27;[39m &amp;#27;[37mPOST&amp;#27;[39m &amp;#27;[37m/wd/hub/session/0bf2b727-b005-49fa-ad71-0321dbc60b93/element&amp;#27;[39m
&amp;#27;[35m[HTTP]&amp;#27;[39m &amp;#27;[90m{&quot;using&quot;:&quot;id&quot;,&quot;value&quot;:&quot;com.samsung.android.calendar:id/sesl_date_picker_calendar_header_text&quot;}&amp;#27;[39m
[debug] &amp;#27;[35m[W3C (0bf2b727)]&amp;#27;[39m Calling AppiumDriver.findElement() with args: [&quot;id&quot;,&quot;com.samsung.android.calendar:id/sesl_date_picker_calendar_header_text&quot;,&quot;0bf2b727-b005-49fa-ad71-0321dbc60b93&quot;]
[debug] &amp;#27;[35m[BaseDriver]&amp;#27;[39m Valid locator strategies for this request: xpath, id, class name, accessibility id, -android uiautomator
[debug] &amp;#27;[35m[BaseDriver]&amp;#27;[39m Waiting up to 10000 ms for condition
[debug] &amp;#27;[35m[WD Proxy]&amp;#27;[39m Matched &apos;/element&apos; to command name &apos;findElement&apos;
[debug] &amp;#27;[35m[WD Proxy]&amp;#27;[39m Proxying [POST /element] to [POST http://127.0.0.1:8223/wd/hub/session/509ee935-af7b-453d-9927-0bcc849a6600/element] with body: {&quot;strategy&quot;:&quot;id&quot;,&quot;selector&quot;:&quot;com.samsung.android.calendar:id/sesl_date_picker_calendar_header_text&quot;,&quot;context&quot;:&quot;&quot;,&quot;multiple&quot;:false}
[debug] &amp;#27;[35m[WD Proxy]&amp;#27;[39m Got response with status 200: {&quot;sessionId&quot;:&quot;509ee935-af7b-453d-9927-0bcc849a6600&quot;,&quot;value&quot;:{&quot;ELEMENT&quot;:&quot;e531af02-61f8-4932-9eb8-47f17316811f&quot;,&quot;element-6066-11e4-a52e-4f735466cecf&quot;:&quot;e531af02-61f8-4932-9eb8-47f17316811f&quot;}}
[debug] &amp;#27;[35m[W3C (0bf2b727)]&amp;#27;[39m Responding to client with driver.findElement() result: {&quot;element-6066-11e4-a52e-4f735466cecf&quot;:&quot;e531af02-61f8-4932-9eb8-47f17316811f&quot;,&quot;ELEMENT&quot;:&quot;e531af02-61f8-4932-9eb8-47f17316811f&quot;}
&amp;#27;[35m[HTTP]&amp;#27;[39m &amp;#27;[37m&lt;-- POST /wd/hub/session/0bf2b727-b005-49fa-ad71-0321dbc60b93/element &amp;#27;[39m&amp;#27;[32m200&amp;#27;[39m &amp;#27;[90m124 ms - 137&amp;#27;[39m
&amp;#27;[35m[HTTP]&amp;#27;[39m &amp;#27;[90m&amp;#27;[39m
&amp;#27;[35m[HTTP]&amp;#27;[39m &amp;#27;[37m--&gt;&amp;#27;[39m &amp;#27;[37mGET&amp;#27;[39m &amp;#27;[37m/wd/hub/session/0bf2b727-b005-49fa-ad71-0321dbc60b93/element/e531af02-61f8-4932-9eb8-47f17316811f/text&amp;#27;[39m
&amp;#27;[35m[HTTP]&amp;#27;[39m &amp;#27;[90m{}&amp;#27;[39m
&amp;#27;[35m[W3C (0bf2b727)]&amp;#27;[39m Driver proxy active, passing request on via HTTP proxy
[debug] &amp;#27;[35m[WD Proxy]&amp;#27;[39m Matched &apos;/wd/hub/session/0bf2b727-b005-49fa-ad71-0321dbc60b93/element/e531af02-61f8-4932-9eb8-47f17316811f/text&apos; to command name &apos;getText&apos;
[debug] &amp;#27;[35m[WD Proxy]&amp;#27;[39m Proxying [GET /wd/hub/session/0bf2b727-b005-49fa-ad71-0321dbc60b93/element/e531af02-61f8-4932-9eb8-47f17316811f/text] to [GET http://127.0.0.1:8223/wd/hub/session/509ee935-af7b-453d-9927-0bcc849a6600/element/e531af02-61f8-4932-9eb8-47f17316811f/text] with no body
[debug] &amp;#27;[35m[WD Proxy]&amp;#27;[39m Got response with status 200: {&quot;sessionId&quot;:&quot;509ee935-af7b-453d-9927-0bcc849a6600&quot;,&quot;value&quot;:&quot;February 2021&quot;}
&amp;#27;[35m[WD Proxy]&amp;#27;[39m Replacing sessionId 509ee935-af7b-453d-9927-0bcc849a6600 with 0bf2b727-b005-49fa-ad71-0321dbc60b93
&amp;#27;[35m[HTTP]&amp;#27;[39m &amp;#27;[37m&lt;-- GET /wd/hub/session/0bf2b727-b005-49fa-ad71-0321dbc60b93/element/e531af02-61f8-4932-9eb8-47f17316811f/text &amp;#27;[39m&amp;#27;[32m200&amp;#27;[39m &amp;#27;[90m110 ms - 76&amp;#27;[39m
&amp;#27;[35m[HTTP]&amp;#27;[39m &amp;#27;[90m&amp;#27;[39m
&amp;#27;[35m[HTTP]&amp;#27;[39m &amp;#27;[37m--&gt;&amp;#27;[39m &amp;#27;[37mGET&amp;#27;[39m &amp;#27;[37m/wd/hub/session/0bf2b727-b005-49fa-ad71-0321dbc60b93/context&amp;#27;[39m
&amp;#27;[35m[HTTP]&amp;#27;[39m &amp;#27;[90m{}&amp;#27;[39m
[debug] &amp;#27;[35m[W3C (0bf2b727)]&amp;#27;[39m Calling AppiumDriver.getCurrentContext() with args: [&quot;0bf2b727-b005-49fa-ad71-0321dbc60b93&quot;]
[debug] &amp;#27;[35m[W3C (0bf2b727)]&amp;#27;[39m Responding to client with driver.getCurrentContext() result: &quot;NATIVE_APP&quot;
&amp;#27;[35m[HTTP]&amp;#27;[39m &amp;#27;[37m&lt;-- GET /wd/hub/session/0bf2b727-b005-49fa-ad71-0321dbc60b93/context &amp;#27;[39m&amp;#27;[32m200&amp;#27;[39m &amp;#27;[90m2 ms - 22&amp;#27;[39m
&amp;#27;[35m[HTTP]&amp;#27;[39m &amp;#27;[90m&amp;#27;[39m
&amp;#27;[35m[HTTP]&amp;#27;[39m &amp;#27;[37m--&gt;&amp;#27;[39m &amp;#27;[37mPOST&amp;#27;[39m &amp;#27;[37m/wd/hub/session/0bf2b727-b005-49fa-ad71-0321dbc60b93/element&amp;#27;[39m
&amp;#27;[35m[HTTP]&amp;#27;[39m &amp;#27;[90m{&quot;using&quot;:&quot;id&quot;,&quot;value&quot;:&quot;com.samsung.android.calendar:id/sesl_date_picker_calendar_header_next_button&quot;}&amp;#27;[39m
[debug] &amp;#27;[35m[W3C (0bf2b727)]&amp;#27;[39m Calling AppiumDriver.findElement() with args: [&quot;id&quot;,&quot;com.samsung.android.calendar:id/sesl_date_picker_calendar_header_next_button&quot;,&quot;0bf2b727-b005-49fa-ad71-0321dbc60b93&quot;]
[debug] &amp;#27;[35m[BaseDriver]&amp;#27;[39m Valid locator strategies for this request: xpath, id, class name, accessibility id, -android uiautomator
[debug] &amp;#27;[35m[BaseDriver]&amp;#27;[39m Waiting up to 10000 ms for condition
[debug] &amp;#27;[35m[WD Proxy]&amp;#27;[39m Matched &apos;/element&apos; to command name &apos;findElement&apos;
[debug] &amp;#27;[35m[WD Proxy]&amp;#27;[39m Proxying [POST /element] to [POST http://127.0.0.1:8223/wd/hub/session/509ee935-af7b-453d-9927-0bcc849a6600/element] with body: {&quot;strategy&quot;:&quot;id&quot;,&quot;selector&quot;:&quot;com.samsung.android.calendar:id/sesl_date_picker_calendar_header_next_button&quot;,&quot;context&quot;:&quot;&quot;,&quot;multiple&quot;:false}
[debug] &amp;#27;[35m[WD Proxy]&amp;#27;[39m Got response with status 200: {&quot;sessionId&quot;:&quot;509ee935-af7b-453d-9927-0bcc849a6600&quot;,&quot;value&quot;:{&quot;ELEMENT&quot;:&quot;d401bad4-be34-4f50-a726-73205152477e&quot;,&quot;element-6066-11e4-a52e-4f735466cecf&quot;:&quot;d401bad4-be34-4f50-a726-73205152477e&quot;}}
[debug] &amp;#27;[35m[W3C (0bf2b727)]&amp;#27;[39m Responding to client with driver.findElement() result: {&quot;element-6066-11e4-a52e-4f735466cecf&quot;:&quot;d401bad4-be34-4f50-a726-73205152477e&quot;,&quot;ELEMENT&quot;:&quot;d401bad4-be34-4f50-a726-73205152477e&quot;}
&amp;#27;[35m[HTTP]&amp;#27;[39m &amp;#27;[37m&lt;-- POST /wd/hub/session/0bf2b727-b005-49fa-ad71-0321dbc60b93/element &amp;#27;[39m&amp;#27;[32m200&amp;#27;[39m &amp;#27;[90m107 ms - 137&amp;#27;[39m
&amp;#27;[35m[HTTP]&amp;#27;[39m &amp;#27;[90m&amp;#27;[39m
&amp;#27;[35m[HTTP]&amp;#27;[39m &amp;#27;[37m--&gt;&amp;#27;[39m &amp;#27;[37mPOST&amp;#27;[39m &amp;#27;[37m/wd/hub/session/0bf2b727-b005-49fa-ad71-0321dbc60b93/element/d401bad4-be34-4f50-a726-73205152477e/click&amp;#27;[39m
&amp;#27;[35m[HTTP]&amp;#27;[39m &amp;#27;[90m{&quot;id&quot;:&quot;d401bad4-be34-4f50-a726-73205152477e&quot;}&amp;#27;[39m
[debug] &amp;#27;[35m[W3C (0bf2b727)]&amp;#27;[39m Calling AppiumDriver.click() with args: [&quot;d401bad4-be34-4f50-a726-73205152477e&quot;,&quot;0bf2b727-b005-49fa-ad71-0321dbc60b93&quot;]
[debug] &amp;#27;[35m[WD Proxy]&amp;#27;[39m Matched &apos;/element/d401bad4-be34-4f50-a726-73205152477e/click&apos; to command name &apos;click&apos;
[debug] &amp;#27;[35m[WD Proxy]&amp;#27;[39m Proxying [POST /element/d401bad4-be34-4f50-a726-73205152477e/click] to [POST http://127.0.0.1:8223/wd/hub/session/509ee935-af7b-453d-9927-0bcc849a6600/element/d401bad4-be34-4f50-a726-73205152477e/click] with body: {&quot;element&quot;:&quot;d401bad4-be34-4f50-a726-73205152477e&quot;}
[debug] &amp;#27;[35m[WD Proxy]&amp;#27;[39m Got response with status 200: {&quot;sessionId&quot;:&quot;509ee935-af7b-453d-9927-0bcc849a6600&quot;,&quot;value&quot;:null}
[debug] &amp;#27;[35m[W3C (0bf2b727)]&amp;#27;[39m Responding to client with driver.click() result: null
&amp;#27;[35m[HTTP]&amp;#27;[39m &amp;#27;[37m&lt;-- POST /wd/hub/session/0bf2b727-b005-49fa-ad71-0321dbc60b93/element/d401bad4-be34-4f50-a726-73205152477e/click &amp;#27;[39m&amp;#27;[32m200&amp;#27;[39m &amp;#27;[90m359 ms - 14&amp;#27;[39m
&amp;#27;[35m[HTTP]&amp;#27;[39m &amp;#27;[90m&amp;#27;[39m
&amp;#27;[35m[HTTP]&amp;#27;[39m &amp;#27;[37m--&gt;&amp;#27;[39m &amp;#27;[37mGET&amp;#27;[39m &amp;#27;[37m/wd/hub/session/0bf2b727-b005-49fa-ad71-0321dbc60b93/context&amp;#27;[39m
&amp;#27;[35m[HTTP]&amp;#27;[39m &amp;#27;[90m{}&amp;#27;[39m
[debug] &amp;#27;[35m[W3C (0bf2b727)]&amp;#27;[39m Calling AppiumDriver.getCurrentContext() with args: [&quot;0bf2b727-b005-49fa-ad71-0321dbc60b93&quot;]
[debug] &amp;#27;[35m[W3C (0bf2b727)]&amp;#27;[39m Responding to client with driver.getCurrentContext() result: &quot;NATIVE_APP&quot;
&amp;#27;[35m[HTTP]&amp;#27;[39m &amp;#27;[37m&lt;-- GET /wd/hub/session/0bf2b727-b005-49fa-ad71-0321dbc60b93/context &amp;#27;[39m&amp;#27;[32m200&amp;#27;[39m &amp;#27;[90m2 ms - 22&amp;#27;[39m
&amp;#27;[35m[HTTP]&amp;#27;[39m &amp;#27;[90m&amp;#27;[39m
&amp;#27;[35m[HTTP]&amp;#27;[39m &amp;#27;[37m--&gt;&amp;#27;[39m &amp;#27;[37mPOST&amp;#27;[39m &amp;#27;[37m/wd/hub/session/0bf2b727-b005-49fa-ad71-0321dbc60b93/element&amp;#27;[39m
&amp;#27;[35m[HTTP]&amp;#27;[39m &amp;#27;[90m{&quot;using&quot;:&quot;id&quot;,&quot;value&quot;:&quot;com.samsung.android.calendar:id/sesl_date_picker_calendar_header_text&quot;}&amp;#27;[39m
[debug] &amp;#27;[35m[W3C (0bf2b727)]&amp;#27;[39m Calling AppiumDriver.findElement() with args: [&quot;id&quot;,&quot;com.samsung.android.calendar:id/sesl_date_picker_calendar_header_text&quot;,&quot;0bf2b727-b005-49fa-ad71-0321dbc60b93&quot;]
[debug] &amp;#27;[35m[BaseDriver]&amp;#27;[39m Valid locator strategies for this request: xpath, id, class name, accessibility id, -android uiautomator
[debug] &amp;#27;[35m[BaseDriver]&amp;#27;[39m Waiting up to 10000 ms for condition
[debug] &amp;#27;[35m[WD Proxy]&amp;#27;[39m Matched &apos;/element&apos; to command name &apos;findElement&apos;
[debug] &amp;#27;[35m[WD Proxy]&amp;#27;[39m Proxying [POST /element] to [POST http://127.0.0.1:8223/wd/hub/session/509ee935-af7b-453d-9927-0bcc849a6600/element] with body: {&quot;strategy&quot;:&quot;id&quot;,&quot;selector&quot;:&quot;com.samsung.android.calendar:id/sesl_date_picker_calendar_header_text&quot;,&quot;context&quot;:&quot;&quot;,&quot;multiple&quot;:false}
[debug] &amp;#27;[35m[WD Proxy]&amp;#27;[39m Got response with status 200: {&quot;sessionId&quot;:&quot;509ee935-af7b-453d-9927-0bcc849a6600&quot;,&quot;value&quot;:{&quot;ELEMENT&quot;:&quot;5cf5b6d4-16c0-4bef-a685-8a5f160e3aa4&quot;,&quot;element-6066-11e4-a52e-4f735466cecf&quot;:&quot;5cf5b6d4-16c0-4bef-a685-8a5f160e3aa4&quot;}}
[debug] &amp;#27;[35m[W3C (0bf2b727)]&amp;#27;[39m Responding to client with driver.findElement() result: {&quot;element-6066-11e4-a52e-4f735466cecf&quot;:&quot;5cf5b6d4-16c0-4bef-a685-8a5f160e3aa4&quot;,&quot;ELEMENT&quot;:&quot;5cf5b6d4-16c0-4bef-a685-8a5f160e3aa4&quot;}
&amp;#27;[35m[HTTP]&amp;#27;[39m &amp;#27;[37m&lt;-- POST /wd/hub/session/0bf2b727-b005-49fa-ad71-0321dbc60b93/element &amp;#27;[39m&amp;#27;[32m200&amp;#27;[39m &amp;#27;[90m798 ms - 137&amp;#27;[39m
&amp;#27;[35m[HTTP]&amp;#27;[39m &amp;#27;[90m&amp;#27;[39m
&amp;#27;[35m[HTTP]&amp;#27;[39m &amp;#27;[37m--&gt;&amp;#27;[39m &amp;#27;[37mGET&amp;#27;[39m &amp;#27;[37m/wd/hub/session/0bf2b727-b005-49fa-ad71-0321dbc60b93/element/5cf5b6d4-16c0-4bef-a685-8a5f160e3aa4/text&amp;#27;[39m
&amp;#27;[35m[HTTP]&amp;#27;[39m &amp;#27;[90m{}&amp;#27;[39m
&amp;#27;[35m[W3C (0bf2b727)]&amp;#27;[39m Driver proxy active, passing request on via HTTP proxy
[debug] &amp;#27;[35m[WD Proxy]&amp;#27;[39m Matched &apos;/wd/hub/session/0bf2b727-b005-49fa-ad71-0321dbc60b93/element/5cf5b6d4-16c0-4bef-a685-8a5f160e3aa4/text&apos; to command name &apos;getText&apos;
[debug] &amp;#27;[35m[WD Proxy]&amp;#27;[39m Proxying [GET /wd/hub/session/0bf2b727-b005-49fa-ad71-0321dbc60b93/element/5cf5b6d4-16c0-4bef-a685-8a5f160e3aa4/text] to [GET http://127.0.0.1:8223/wd/hub/session/509ee935-af7b-453d-9927-0bcc849a6600/element/5cf5b6d4-16c0-4bef-a685-8a5f160e3aa4/text] with no body
[debug] &amp;#27;[35m[WD Proxy]&amp;#27;[39m Got response with status 200: {&quot;sessionId&quot;:&quot;509ee935-af7b-453d-9927-0bcc849a6600&quot;,&quot;value&quot;:&quot;March 2021&quot;}
&amp;#27;[35m[WD Proxy]&amp;#27;[39m Replacing sessionId 509ee935-af7b-453d-9927-0bcc849a6600 with 0bf2b727-b005-49fa-ad71-0321dbc60b93
&amp;#27;[35m[HTTP]&amp;#27;[39m &amp;#27;[37m&lt;-- GET /wd/hub/session/0bf2b727-b005-49fa-ad71-0321dbc60b93/element/5cf5b6d4-16c0-4bef-a685-8a5f160e3aa4/text &amp;#27;[39m&amp;#27;[32m200&amp;#27;[39m &amp;#27;[90m263 ms - 73&amp;#27;[39m
&amp;#27;[35m[HTTP]&amp;#27;[39m &amp;#27;[90m&amp;#27;[39m
&amp;#27;[35m[HTTP]&amp;#27;[39m &amp;#27;[37m--&gt;&amp;#27;[39m &amp;#27;[37mGET&amp;#27;[39m &amp;#27;[37m/wd/hub/session/0bf2b727-b005-49fa-ad71-0321dbc60b93/context&amp;#27;[39m
&amp;#27;[35m[HTTP]&amp;#27;[39m &amp;#27;[90m{}&amp;#27;[39m
[debug] &amp;#27;[35m[W3C (0bf2b727)]&amp;#27;[39m Calling AppiumDriver.getCurrentContext() with args: [&quot;0bf2b727-b005-49fa-ad71-0321dbc60b93&quot;]
[debug] &amp;#27;[35m[W3C (0bf2b727)]&amp;#27;[39m Responding to client with driver.getCurrentContext() result: &quot;NATIVE_APP&quot;
&amp;#27;[35m[HTTP]&amp;#27;[39m &amp;#27;[37m&lt;-- GET /wd/hub/session/0bf2b727-b005-49fa-ad71-0321dbc60b93/context &amp;#27;[39m&amp;#27;[32m200&amp;#27;[39m &amp;#27;[90m8 ms - 22&amp;#27;[39m
&amp;#27;[35m[HTTP]&amp;#27;[39m &amp;#27;[90m&amp;#27;[39m
&amp;#27;[35m[HTTP]&amp;#27;[39m &amp;#27;[37m--&gt;&amp;#27;[39m &amp;#27;[37mPOST&amp;#27;[39m &amp;#27;[37m/wd/hub/session/0bf2b727-b005-49fa-ad71-0321dbc60b93/elements&amp;#27;[39m
&amp;#27;[35m[HTTP]&amp;#27;[39m &amp;#27;[90m{&quot;using&quot;:&quot;class name&quot;,&quot;value&quot;:&quot;android.view.View&quot;}&amp;#27;[39m
[debug] &amp;#27;[35m[W3C (0bf2b727)]&amp;#27;[39m Calling AppiumDriver.findElements() with args: [&quot;class name&quot;,&quot;android.view.View&quot;,&quot;0bf2b727-b005-49fa-ad71-0321dbc60b93&quot;]
[debug] &amp;#27;[35m[BaseDriver]&amp;#27;[39m Valid locator strategies for this request: xpath, id, class name, accessibility id, -android uiautomator
[debug] &amp;#27;[35m[BaseDriver]&amp;#27;[39m Waiting up to 10000 ms for condition
[debug] &amp;#27;[35m[WD Proxy]&amp;#27;[39m Matched &apos;/elements&apos; to command name &apos;findElements&apos;
[debug] &amp;#27;[35m[WD Proxy]&amp;#27;[39m Proxying [POST /elements] to [POST http://127.0.0.1:8223/wd/hub/session/509ee935-af7b-453d-9927-0bcc849a6600/elements] with body: {&quot;strategy&quot;:&quot;class name&quot;,&quot;selector&quot;:&quot;android.view.View&quot;,&quot;context&quot;:&quot;&quot;,&quot;multiple&quot;:true}
[debug] &amp;#27;[35m[WD Proxy]&amp;#27;[39m Got response with status 200: {&quot;sessionId&quot;:&quot;509ee935-af7b-453d-9927-0bcc849a6600&quot;,&quot;value&quot;:[{&quot;ELEMENT&quot;:&quot;0759afbb-7774-4ff2-9f1f-244ffcdf364a&quot;,&quot;element-6066-11e4-a52e-4f735466cecf&quot;:&quot;0759afbb-7774-4ff2-9f1f-244ffcdf364a&quot;},{&quot;ELEMENT&quot;:&quot;88436012-b21c-41c5-af43-234ae2a9f0da&quot;,&quot;element-6066-11e4-a52e-4f735466cecf&quot;:&quot;88436012-b21c-41c5-af43-234ae2a9f0da&quot;},{&quot;ELEMENT&quot;:&quot;ce6d5489-e43a-4311-8c99-b04ef80720b2&quot;,&quot;element-6066-11e4-a52e-4f735466cecf&quot;:&quot;ce6d5489-e43a-4311-8c99-b04ef80720b2&quot;},{&quot;ELEMENT&quot;:&quot;f321ea59-4f59-4d4d-b0cb-615c261106d6&quot;,&quot;element-6066-11e4-a52e-4f735466cecf&quot;:&quot;f321ea59-4f59-4d4d-b0cb-615c261106d6&quot;},{&quot;ELEMENT&quot;:&quot;fa6cceb3-e99c-4f59-83d0-db664edd9451&quot;,&quot;element-6066-11e4-a52e-4f735466cecf&quot;:&quot;fa6cceb3-e99c-4f59-83d0-db664edd9451&quot;},{&quot;ELEMENT&quot;:&quot;2450de69-edca-4410-af30-b541feceeb46&quot;,&quot;element-6066-11e4-a52e-4f735466cecf&quot;:&quot;2450de69-edca-4410-af30-b541feceeb46&quot;},{&quot;ELEMENT&quot;:&quot;00017269-b159-43a4-8ce5-5fabd491d35d&quot;,&quot;element-6066-11e4-a52e-4f735466cecf&quot;:&quot;00017269-b159-43a4-8ce5-5fabd491d35d&quot;},{&quot;ELEMENT&quot;:&quot;a8434ad9-66ff-4f57-bca0-bb8cfe0923c8&quot;,&quot;element-6066-...
[debug] &amp;#27;[35m[W3C (0bf2b727)]&amp;#27;[39m Responding to client with driver.findElements() result: [{&quot;element-6066-11e4-a52e-4f735466cecf&quot;:&quot;0759afbb-7774-4ff2-9f1f-244ffcdf364a&quot;,&quot;ELEMENT&quot;:&quot;0759afbb-7774-4ff2-9f1f-244ffcdf364a&quot;},{&quot;element-6066-11e4-a52e-4f735466cecf&quot;:&quot;88436012-b21c-41c5-af43-234ae2a9f0da&quot;,&quot;ELEMENT&quot;:&quot;88436012-b21c-41c5-af43-234ae2a9f0da&quot;},{&quot;element-6066-11e4-a52e-4f735466cecf&quot;:&quot;ce6d5489-e43a-4311-8c99-b04ef80720b2&quot;,&quot;ELEMENT&quot;:&quot;ce6d5489-e43a-4311-8c99-b04ef80720b2&quot;},{&quot;element-6066-11e4-a52e-4f735466cecf&quot;:&quot;f321ea59-4f59-4d4d-b0cb-615c261106d6&quot;,&quot;ELEMENT&quot;:&quot;f321ea59-4f59-4d4d-b0cb-615c261106d6&quot;},{&quot;element-6066-11e4-a52e-4f735466cecf&quot;:&quot;fa6cceb3-e99c-4f59-83d0-db664edd9451&quot;,&quot;ELEMENT&quot;:&quot;fa6cceb3-e99c-4f59-83d0-db664edd9451&quot;},{&quot;element-6066-11e4-a52e-4f735466cecf&quot;:&quot;2450de69-edca-4410-af30-b541feceeb46&quot;,&quot;ELEMENT&quot;:&quot;2450de69-edca-4410-af30-b541feceeb46&quot;},{&quot;element-6066-11e4-a52e-4f735466cecf&quot;:&quot;00017269-b159-43a4-8ce5-5fabd491d35d&quot;,&quot;ELEMENT&quot;:&quot;00017269-b159-43a4-8ce5-5fabd491d35d&quot;},{&quot;element-6066-11e4-a52e-4f735466cecf&quot;:&quot;a8434ad9-66ff-4f57-bca0-bb8cfe0923c8&quot;,&quot;ELEMENT&quot;:&quot;a8434ad9-66ff-4f57-bca0-bb8cfe0923c...
&amp;#27;[35m[HTTP]&amp;#27;[39m &amp;#27;[37m&lt;-- POST /wd/hub/session/0bf2b727-b005-49fa-ad71-0321dbc60b93/elements &amp;#27;[39m&amp;#27;[32m200&amp;#27;[39m &amp;#27;[90m476 ms - 6283&amp;#27;[39m
&amp;#27;[35m[HTTP]&amp;#27;[39m &amp;#27;[90m&amp;#27;[39m
&amp;#27;[35m[HTTP]&amp;#27;[39m &amp;#27;[37m--&gt;&amp;#27;[39m &amp;#27;[37mPOST&amp;#27;[39m &amp;#27;[37m/wd/hub/session/0bf2b727-b005-49fa-ad71-0321dbc60b93/element/73490b29-f38a-4e21-9caa-14bbc743a9dc/click&amp;#27;[39m
&amp;#27;[35m[HTTP]&amp;#27;[39m &amp;#27;[90m{&quot;id&quot;:&quot;73490b29-f38a-4e21-9caa-14bbc743a9dc&quot;}&amp;#27;[39m
[debug] &amp;#27;[35m[W3C (0bf2b727)]&amp;#27;[39m Calling AppiumDriver.click() with args: [&quot;73490b29-f38a-4e21-9caa-14bbc743a9dc&quot;,&quot;0bf2b727-b005-49fa-ad71-0321dbc60b93&quot;]
[debug] &amp;#27;[35m[WD Proxy]&amp;#27;[39m Matched &apos;/element/73490b29-f38a-4e21-9caa-14bbc743a9dc/click&apos; to command name &apos;click&apos;
[debug] &amp;#27;[35m[WD Proxy]&amp;#27;[39m Proxying [POST /element/73490b29-f38a-4e21-9caa-14bbc743a9dc/click] to [POST http://127.0.0.1:8223/wd/hub/session/509ee935-af7b-453d-9927-0bcc849a6600/element/73490b29-f38a-4e21-9caa-14bbc743a9dc/click] with body: {&quot;element&quot;:&quot;73490b29-f38a-4e21-9caa-14bbc743a9dc&quot;}
[debug] &amp;#27;[35m[WD Proxy]&amp;#27;[39m Got response with status 200: {&quot;sessionId&quot;:&quot;509ee935-af7b-453d-9927-0bcc849a6600&quot;,&quot;value&quot;:null}
[debug] &amp;#27;[35m[W3C (0bf2b727)]&amp;#27;[39m Responding to client with driver.click() result: null
&amp;#27;[35m[HTTP]&amp;#27;[39m &amp;#27;[37m&lt;-- POST /wd/hub/session/0bf2b727-b005-49fa-ad71-0321dbc60b93/element/73490b29-f38a-4e21-9caa-14bbc743a9dc/click &amp;#27;[39m&amp;#27;[32m200&amp;#27;[39m &amp;#27;[90m135 ms - 14&amp;#27;[39m
&amp;#27;[35m[HTTP]&amp;#27;[39m &amp;#27;[90m&amp;#27;[39m
&amp;#27;[35m[HTTP]&amp;#27;[39m &amp;#27;[37m--&gt;&amp;#27;[39m &amp;#27;[37mGET&amp;#27;[39m &amp;#27;[37m/wd/hub/session/0bf2b727-b005-49fa-ad71-0321dbc60b93/screenshot&amp;#27;[39m
&amp;#27;[35m[HTTP]&amp;#27;[39m &amp;#27;[90m{}&amp;#27;[39m
[debug] &amp;#27;[35m[W3C (0bf2b727)]&amp;#27;[39m Calling AppiumDriver.getScreenshot() with args: [&quot;0bf2b727-b005-49fa-ad71-0321dbc60b93&quot;]
[debug] &amp;#27;[35m[WD Proxy]&amp;#27;[39m Matched &apos;/screenshot&apos; to command name &apos;getScreenshot&apos;
[debug] &amp;#27;[35m[WD Proxy]&amp;#27;[39m Proxying [GET /screenshot] to [GET http://127.0.0.1:8223/wd/hub/session/509ee935-af7b-453d-9927-0bcc849a6600/screenshot] with no body
[debug] &amp;#27;[35m[WD Proxy]&amp;#27;[39m Got response with status 200: {&quot;sessionId&quot;:&quot;509ee935-af7b-453d-9927-0bcc849a6600&quot;,&quot;value&quot;:&quot;iVBORw0KGgoAAAANSUhEUgAABDgAAAjoCAYAAAA5jhrUAAAAAXNSR0IArs4c6QAAAARzQklUCAgI\nCHwIZIgAACAASURBVHic7N15XJTl/j/+F5vAsMqwKJsruCIc0wRNNFxKxWOmqNUJz0lPVqcszc7H\nTtapNM+nLD3Hb3WyPVxKsazEXFJSM8E1cIPAkE1FZVC2YZ/5/cFv7s/cs8AMzDDc8Ho+Hj1y7rnn\nvq8ZuJn7ft3X9b7sGhsb1SAiIiIiIiIikjB7WzeAiIiIiIiIiKi9GHAQERERERERkeQx4CAiIiIi\nIiIiyWPAQURERERERESSx4CDiIiIiIiIiCSPAQcRERERERERSR4DDiIiIiIiIiKSPAYcRERERERE\nRCR5DDiIiIiIiIiISPIYcBARERERERGR5DHgICIiIiIiIiLJY8BBRERERERERJLHgIOIiIiIiIiI\nJI8BBxERERERERFJHgMOIiIiIiIiIpI8BhxEREREREREJHkMOIiIiIiIiIhI8hhwEBEREREREZHk\nMeAgIiIiIiIiIsljwEFEREREREREkseAg4iIiIiIiIgkjwEHEREREREREUkeAw4iIiIiIiIikjwG\nHEREREREREQkeQw4iIiIiIiIiEjyGHAQERERERERkeQx4CAiIiIiIiIiyWPAQURERERERESSx4CD\niIiIiIiIiCSPAQcRERERERERSR4DDiIiIiIiIiKSPAYcRERERERERCR5DDiIiIiIiIiISPIYcBAR\nERERERGR5DHgICIiIiIiIiLJY8BBRERERERERJLHgIOIiIiIiIiIJI8BBxERERERERFJHgMOIiIi\nIiIiIpI8BhxEREREREREJHkMOIiIiIiIiIhI8hhwEBEREREREZHkMeAgIiIiIiIiIsljwEFERERE\nREREkseAg4iIiIiIiIgkjwEH...
[debug] &amp;#27;[35m[W3C (0bf2b727)]&amp;#27;[39m Responding to client with driver.getScreenshot() result: &quot;iVBORw0KGgoAAAANSUhEUgAABDgAAAjoCAYAAAA5jhrUAAAAAXNSR0IArs4c6QAAAARzQklUCAgI\nCHwIZIgAACAASURBVHic7N15XJTl/j/+F5vAsMqwKJsruCIc0wRNNFxKxWOmqNUJz0lPVqcszc7H\nTtapNM+nLD3Hb3WyPVxKsazEXFJSM8E1cIPAkE1FZVC2YZ/5/cFv7s/cs8AMzDDc8Ho+Hj1y7rnn\nvq8ZuJn7ft3X9b7sGhsb1SAiIiIiIiIikjB7WzeAiIiIiIiIiKi9GHAQERERERERkeQx4CAiIiIi\nIiIiyWPAQURERERERESSx4CDiIiIiIiIiCSPAQcRERERERERSR4DDiIiIiIiIiKSPAYcRERERERE\nRCR5DDiIiIiIiIiISPIYcBARERERERGR5DHgICIiIiIiIiLJY8BBRERERERERJLHgIOIiIiIiIiI\nJI8BBxERERERERFJHgMOIiIiIiIiIpI8BhxEREREREREJHkMOIiIiIiIiIhI8hhwEBEREREREZHk\nMeAgIiIiIiIiIsljwEFEREREREREkseAg4iIiIiIiIgkjwEHEREREREREUkeAw4iIiIiIiIikjwG\nHEREREREREQkeQw4iIiIiIiIiEjyGHAQERERERERkeQx4CAiIiIiIiIiyWPAQURERERERESSx4CD\niIiIiIiIiCSPAQcRERERERERSR4DDiIiIiIiIiKSPAYcRERERERERCR5DDiIiIiIiIiISPIYcBAR\nERERERGR5DHgICIiIiIiIiLJY8BBRERERERERJLHgIOIiIiIiIiIJI8BBxERERERERFJHgMOIiIi\nIiIiIpI8BhxEREREREREJHkMOIiIiIiIiIhI8hhwEBEREREREZHkMeAgIiIiIiIiIsljwEFERERE\nREREkseAg4iIiIiIiIgkjwEHEREREREREUkeAw4iIiIiIiIikjwGHEREREREREQkeQw4iIiIiIiI\niEjyHG...
&amp;#27;[35m[HTTP]&amp;#27;[39m &amp;#27;[37m&lt;-- GET /wd/hub/session/0bf2b727-b005-49fa-ad71-0321dbc60b93/screenshot &amp;#27;[39m&amp;#27;[32m200&amp;#27;[39m &amp;#27;[90m716 ms - 162138&amp;#27;[39m
&amp;#27;[35m[HTTP]&amp;#27;[39m &amp;#27;[90m&amp;#27;[39m
&amp;#27;[35m[HTTP]&amp;#27;[39m &amp;#27;[37m--&gt;&amp;#27;[39m &amp;#27;[37mPOST&amp;#27;[39m &amp;#27;[37m/wd/hub/session/0bf2b727-b005-49fa-ad71-0321dbc60b93/appium/app/close&amp;#27;[39m
&amp;#27;[35m[HTTP]&amp;#27;[39m &amp;#27;[90m{}&amp;#27;[39m
[debug] &amp;#27;[35m[W3C (0bf2b727)]&amp;#27;[39m Calling AppiumDriver.closeApp() with args: [&quot;0bf2b727-b005-49fa-ad71-0321dbc60b93&quot;]
[debug] &amp;#27;[35m[ADB]&amp;#27;[39m Running &apos;C:\Users\maliniv\AppData\Local\Android\Sdk\platform-tools\adb.exe -P 5037 -s 192.168.1.101\:5555 shell am force-stop com.samsung.android.calendar&apos;
[debug] &amp;#27;[35m[W3C (0bf2b727)]&amp;#27;[39m Responding to client with driver.closeApp() result: null
&amp;#27;[35m[HTTP]&amp;#27;[39m &amp;#27;[37m&lt;-- POST /wd/hub/session/0bf2b727-b005-49fa-ad71-0321dbc60b93/appium/app/close &amp;#27;[39m&amp;#27;[32m200&amp;#27;[39m &amp;#27;[90m366 ms - 14&amp;#27;[39m
</system-out>
    <system-err>Feb 02, 2021 8:58:10 AM io.appium.java_client.remote.AppiumCommandExecutor$1 lambda$0
INFO: Detected dialect: W3C
</system-err>
  </testcase>
  <testcase classname="Create a recurring meeting using Native Android/IOS Calender App" name="Create a new recurring (3 days a week) meeting, and make sure it doesn&apos;t repeat on successive days #3" time="30.899">
    <failure type="java.lang.AssertionError">java.lang.AssertionError
	at org.junit.Assert.fail(Assert.java:86)
	at org.junit.Assert.fail(Assert.java:95)
	at Utilities.Tools.checkSuccessiveNonWorkingDay(Tools.java:349)
	at StepDefinitions.TestStepDefinitions.the_days_a_week_meeting_is_not_repeated_on_successive_days_for_the_days(TestStepDefinitions.java:69)
	at ✽.the &quot;3&quot; days a week meeting is not repeated on successive days for the days &quot;tuesday thursday sunday&quot;(file:///C:/Users/maliniv/Desktop/Sample/AndroidMobileAppAutomation/CalenderOne/src/test/java/Feature/CalenderEvents.feature:7)
</failure>
    <system-out>&amp;#27;[35m[Appium]&amp;#27;[39m Welcome to Appium v1.18.3
&amp;#27;[35m[Appium]&amp;#27;[39m Non-default server args:
&amp;#27;[35m[Appium]&amp;#27;[39m   port: 20486
&amp;#27;[35m[Appium]&amp;#27;[39m Appium REST http interface listener started on 0.0.0.0:20486
&amp;#27;[35m[HTTP]&amp;#27;[39m &amp;#27;[37m--&gt;&amp;#27;[39m &amp;#27;[37mGET&amp;#27;[39m &amp;#27;[37m/wd/hub/status&amp;#27;[39m
&amp;#27;[35m[HTTP]&amp;#27;[39m &amp;#27;[90m{}&amp;#27;[39m
[debug] &amp;#27;[35m[GENERIC]&amp;#27;[39m Calling AppiumDriver.getStatus() with args: []
[debug] &amp;#27;[35m[GENERIC]&amp;#27;[39m Responding to client with driver.getStatus() result: {&quot;build&quot;:{&quot;version&quot;:&quot;1.18.3&quot;}}
GalaxyS10e
&amp;#27;[35m[HTTP]&amp;#27;[39m &amp;#27;[37m&lt;-- GET /wd/hub/status &amp;#27;[39m&amp;#27;[32m200&amp;#27;[39m &amp;#27;[90m7 ms - 68&amp;#27;[39m
&amp;#27;[35m[HTTP]&amp;#27;[39m &amp;#27;[90m&amp;#27;[39m
&amp;#27;[35m[HTTP]&amp;#27;[39m &amp;#27;[37m--&gt;&amp;#27;[39m &amp;#27;[37mGET&amp;#27;[39m &amp;#27;[37m/wd/hub/status&amp;#27;[39m
&amp;#27;[35m[HTTP]&amp;#27;[39m &amp;#27;[90m{}&amp;#27;[39m
[debug] &amp;#27;[35m[GENERIC]&amp;#27;[39m Calling AppiumDriver.getStatus() with args: []
[debug] &amp;#27;[35m[GENERIC]&amp;#27;[39m Responding to client with driver.getStatus() result: {&quot;build&quot;:{&quot;version&quot;:&quot;1.18.3&quot;}}
&amp;#27;[35m[HTTP]&amp;#27;[39m &amp;#27;[37m&lt;-- GET /wd/hub/status &amp;#27;[39m&amp;#27;[32m200&amp;#27;[39m &amp;#27;[90m2 ms - 68&amp;#27;[39m
&amp;#27;[35m[HTTP]&amp;#27;[39m &amp;#27;[90m&amp;#27;[39m
&amp;#27;[35m[HTTP]&amp;#27;[39m &amp;#27;[37m--&gt;&amp;#27;[39m &amp;#27;[37mPOST&amp;#27;[39m &amp;#27;[37m/wd/hub/session&amp;#27;[39m
&amp;#27;[35m[HTTP]&amp;#27;[39m &amp;#27;[90m{&quot;desiredCapabilities&quot;:{&quot;appActivity&quot;:&quot;com.samsung.android.app.calendar.activity.MainActivity&quot;,&quot;appPackage&quot;:&quot;com.samsung.android.calendar&quot;,&quot;noReset&quot;:true,&quot;newCommandTimeout&quot;:&quot;10000&quot;,&quot;platformVersion&quot;:&quot;10&quot;,&quot;automationName&quot;:&quot;UiAutomator2&quot;,&quot;platformName&quot;:&quot;Android&quot;,&quot;deviceName&quot;:&quot;GalaxyS10e&quot;},&quot;capabilities&quot;:{&quot;firstMatch&quot;:[{&quot;appium:appActivity&quot;:&quot;com.samsung.android.app.calendar.activity.MainActivity&quot;,&quot;appium:appPackage&quot;:&quot;com.samsung.android.calendar&quot;,&quot;appium:automationName&quot;:&quot;UiAutomator2&quot;,&quot;appium:deviceName&quot;:&quot;GalaxyS10e&quot;,&quot;appium:newCommandTimeout&quot;:&quot;10000&quot;,&quot;appium:noReset&quot;:true,&quot;platformName&quot;:&quot;android&quot;,&quot;appium:platformVersion&quot;:&quot;10&quot;}]}}&amp;#27;[39m
[debug] &amp;#27;[35m[W3C]&amp;#27;[39m Calling AppiumDriver.createSession() with args: [{&quot;appActivity&quot;:&quot;com.samsung.android.app.calendar.activity.MainActivity&quot;,&quot;appPackage&quot;:&quot;com.samsung.android.calendar&quot;,&quot;noReset&quot;:true,&quot;newCommandTimeout&quot;:&quot;10000&quot;,&quot;platformVersion&quot;:&quot;10&quot;,&quot;automationName&quot;:&quot;UiAutomator2&quot;,&quot;platformName&quot;:&quot;Android&quot;,&quot;deviceName&quot;:&quot;GalaxyS10e&quot;},null,{&quot;firstMatch&quot;:[{&quot;appium:appActivity&quot;:&quot;com.samsung.android.app.calendar.activity.MainActivity&quot;,&quot;appium:appPackage&quot;:&quot;com.samsung.android.calendar&quot;,&quot;appium:automationName&quot;:&quot;UiAutomator2&quot;,&quot;appium:deviceName&quot;:&quot;GalaxyS10e&quot;,&quot;appium:newCommandTimeout&quot;:&quot;10000&quot;,&quot;appium:noReset&quot;:true,&quot;platformName&quot;:&quot;android&quot;,&quot;appium:platformVersion&quot;:&quot;10&quot;}]}]
[debug] &amp;#27;[35m[BaseDriver]&amp;#27;[39m Event &apos;newSessionRequested&apos; logged at 1612220312009 (08:58:32 GMT+1000 (Australian Eastern Standard Time))
&amp;#27;[35m[BaseDriver]&amp;#27;[39m Number capability passed in as string. Functionality may be compromised.
&amp;#27;[35m[Appium]&amp;#27;[39m Appium v1.18.3 creating new AndroidUiautomator2Driver (v1.56.1) session
[debug] &amp;#27;[35m[BaseDriver]&amp;#27;[39m W3C capabilities and MJSONWP desired capabilities were provided
[debug] &amp;#27;[35m[BaseDriver]&amp;#27;[39m Creating session with W3C capabilities: {
[debug] &amp;#27;[35m[BaseDriver]&amp;#27;[39m   &quot;alwaysMatch&quot;: {
[debug] &amp;#27;[35m[BaseDriver]&amp;#27;[39m     &quot;platformName&quot;: &quot;android&quot;,
[debug] &amp;#27;[35m[BaseDriver]&amp;#27;[39m     &quot;appium:appActivity&quot;: &quot;com.samsung.android.app.calendar.activity.MainActivity&quot;,
[debug] &amp;#27;[35m[BaseDriver]&amp;#27;[39m     &quot;appium:appPackage&quot;: &quot;com.samsung.android.calendar&quot;,
[debug] &amp;#27;[35m[BaseDriver]&amp;#27;[39m     &quot;appium:automationName&quot;: &quot;UiAutomator2&quot;,
[debug] &amp;#27;[35m[BaseDriver]&amp;#27;[39m     &quot;appium:deviceName&quot;: &quot;GalaxyS10e&quot;,
[debug] &amp;#27;[35m[BaseDriver]&amp;#27;[39m     &quot;appium:newCommandTimeout&quot;: &quot;10000&quot;,
[debug] &amp;#27;[35m[BaseDriver]&amp;#27;[39m     &quot;appium:noReset&quot;: true,
[debug] &amp;#27;[35m[BaseDriver]&amp;#27;[39m     &quot;appium:platformVersion&quot;: &quot;10&quot;
[debug] &amp;#27;[35m[BaseDriver]&amp;#27;[39m   },
[debug] &amp;#27;[35m[BaseDriver]&amp;#27;[39m   &quot;firstMatch&quot;: [
[debug] &amp;#27;[35m[BaseDriver]&amp;#27;[39m     {}
[debug] &amp;#27;[35m[BaseDriver]&amp;#27;[39m   ]
[debug] &amp;#27;[35m[BaseDriver]&amp;#27;[39m }
&amp;#27;[35m[BaseDriver]&amp;#27;[39m Number capability passed in as string. Functionality may be compromised.
&amp;#27;[35m[BaseDriver]&amp;#27;[39m Capability &apos;newCommandTimeout&apos; changed from string (&apos;10000&apos;) to integer (10000). This may cause unexpected behavior
&amp;#27;[35m[BaseDriver]&amp;#27;[39m Session created with session id: a8364ec0-742d-4627-b00a-54d0744b1d7f
&amp;#27;[35m[UiAutomator2]&amp;#27;[39m Starting &apos;com.samsung.android.calendar&apos; directly on the device
&amp;#27;[35m[ADB]&amp;#27;[39m Found 2 &apos;build-tools&apos; folders under &apos;C:\Users\maliniv\AppData\Local\Android\Sdk&apos; (newest first):
&amp;#27;[35m[ADB]&amp;#27;[39m     C:/Users/maliniv/AppData/Local/Android/Sdk/build-tools/30.0.2
&amp;#27;[35m[ADB]&amp;#27;[39m     C:/Users/maliniv/AppData/Local/Android/Sdk/build-tools/29.0.2
&amp;#27;[35m[ADB]&amp;#27;[39m Using &apos;adb.exe&apos; from &apos;C:\Users\maliniv\AppData\Local\Android\Sdk\platform-tools\adb.exe&apos;
[debug] &amp;#27;[35m[ADB]&amp;#27;[39m Running &apos;C:\Users\maliniv\AppData\Local\Android\Sdk\platform-tools\adb.exe -P 5037 start-server&apos;
&amp;#27;[35m[AndroidDriver]&amp;#27;[39m Retrieving device list
[debug] &amp;#27;[35m[ADB]&amp;#27;[39m Trying to find a connected android device
[debug] &amp;#27;[35m[ADB]&amp;#27;[39m Getting connected devices
[debug] &amp;#27;[35m[ADB]&amp;#27;[39m Connected devices: [{&quot;udid&quot;:&quot;192.168.1.101:5555&quot;,&quot;state&quot;:&quot;device&quot;}]
&amp;#27;[35m[AndroidDriver]&amp;#27;[39m Looking for a device with Android &apos;10.0.0&apos;
[debug] &amp;#27;[35m[ADB]&amp;#27;[39m Setting device id to 192.168.1.101:5555
&amp;#27;[35m[ADB]&amp;#27;[39m Getting device platform version
[debug] &amp;#27;[35m[ADB]&amp;#27;[39m Running &apos;C:\Users\maliniv\AppData\Local\Android\Sdk\platform-tools\adb.exe -P 5037 -s 192.168.1.101\:5555 shell getprop ro.build.version.release&apos;
[debug] &amp;#27;[35m[ADB]&amp;#27;[39m Current device property &apos;ro.build.version.release&apos;: 10
&amp;#27;[35m[AndroidDriver]&amp;#27;[39m Using device: 192.168.1.101:5555
&amp;#27;[35m[ADB]&amp;#27;[39m Using &apos;adb.exe&apos; from &apos;C:\Users\maliniv\AppData\Local\Android\Sdk\platform-tools\adb.exe&apos;
[debug] &amp;#27;[35m[ADB]&amp;#27;[39m Running &apos;C:\Users\maliniv\AppData\Local\Android\Sdk\platform-tools\adb.exe -P 5037 start-server&apos;
[debug] &amp;#27;[35m[ADB]&amp;#27;[39m Setting device id to 192.168.1.101:5555
[debug] &amp;#27;[35m[ADB]&amp;#27;[39m Running &apos;C:\Users\maliniv\AppData\Local\Android\Sdk\platform-tools\adb.exe -P 5037 -s 192.168.1.101\:5555 shell getprop ro.build.version.sdk&apos;
[debug] &amp;#27;[35m[ADB]&amp;#27;[39m Current device property &apos;ro.build.version.sdk&apos;: 29
&amp;#27;[35m[ADB]&amp;#27;[39m Getting device platform version
[...]
&amp;#27;[35m[HTTP]&amp;#27;[39m &amp;#27;[37m&lt;-- POST /wd/hub/session/fd1d169e-7db2-4dfd-ba2a-e05fd060e6e4/elements &amp;#27;[39m&amp;#27;[32m200&amp;#27;[39m &amp;#27;[90m203 ms - 267&amp;#27;[39m
&amp;#27;[35m[HTTP]&amp;#27;[39m &amp;#27;[90m&amp;#27;[39m
&amp;#27;[35m[HTTP]&amp;#27;[39m &amp;#27;[37m--&gt;&amp;#27;[39m &amp;#27;[37mPOST&amp;#27;[39m &amp;#27;[37m/wd/hub/session/fd1d169e-7db2-4dfd-ba2a-e05fd060e6e4/element/da500e41-648c-4b1a-af1f-9e9e0c2e7aa6/value&amp;#27;[39m
&amp;#27;[35m[HTTP]&amp;#27;[39m &amp;#27;[90m{&quot;id&quot;:&quot;da500e41-648c-4b1a-af1f-9e9e0c2e7aa6&quot;,&quot;text&quot;:&quot;7&quot;,&quot;value&quot;:[&quot;7&quot;]}&amp;#27;[39m
[debug] &amp;#27;[35m[W3C (fd1d169e)]&amp;#27;[39m Calling AppiumDriver.setValue() with args: [[&quot;7&quot;],&quot;da500e41-648c-4b1a-af1f-9e9e0c2e7aa6&quot;,&quot;fd1d169e-7db2-4dfd-ba2a-e05fd060e6e4&quot;]
[debug] &amp;#27;[35m[WD Proxy]&amp;#27;[39m Matched &apos;/element/da500e41-648c-4b1a-af1f-9e9e0c2e7aa6/value&apos; to command name &apos;setValue&apos;
[debug] &amp;#27;[35m[Protocol Converter]&amp;#27;[39m Added &apos;value&apos; property [&quot;7&quot;] to &apos;setValue&apos; request body
[debug] &amp;#27;[35m[WD Proxy]&amp;#27;[39m Proxying [POST /element/da500e41-648c-4b1a-af1f-9e9e0c2e7aa6/value] to [POST http://127.0.0.1:8228/wd/hub/session/95165d5b-2b46-4537-942f-2e9e341d5032/element/da500e41-648c-4b1a-af1f-9e9e0c2e7aa6/value] with body: {&quot;elementId&quot;:&quot;da500e41-648c-4b1a-af1f-9e9e0c2e7aa6&quot;,&quot;text&quot;:&quot;7&quot;,&quot;replace&quot;:false,&quot;value&quot;:[&quot;7&quot;]}
[debug] &amp;#27;[35m[WD Proxy]&amp;#27;[39m Got response with status 200: {&quot;sessionId&quot;:&quot;95165d5b-2b46-4537-942f-2e9e341d5032&quot;,&quot;value&quot;:null}
[debug] &amp;#27;[35m[W3C (fd1d169e)]&amp;#27;[39m Responding to client with driver.setValue() result: null
&amp;#27;[35m[HTTP]&amp;#27;[39m &amp;#27;[37m&lt;-- POST /wd/hub/session/fd1d169e-7db2-4dfd-ba2a-e05fd060e6e4/element/da500e41-648c-4b1a-af1f-9e9e0c2e7aa6/value &amp;#27;[39m&amp;#27;[32m200&amp;#27;[39m &amp;#27;[90m570 ms - 14&amp;#27;[39m
&amp;#27;[35m[HTTP]&amp;#27;[39m &amp;#27;[90m&amp;#27;[39m
&amp;#27;[35m[HTTP]&amp;#27;[39m &amp;#27;[37m--&gt;&amp;#27;[39m &amp;#27;[37mGET&amp;#27;[39m &amp;#27;[37m/wd/hub/session/fd1d169e-7db2-4dfd-ba2a-e05fd060e6e4/context&amp;#27;[39m
&amp;#27;[35m[HTTP]&amp;#27;[39m &amp;#27;[90m{}&amp;#27;[39m
[debug] &amp;#27;[35m[W3C (fd1d169e)]&amp;#27;[39m Calling AppiumDriver.getCurrentContext() with args: [&quot;fd1d169e-7db2-4dfd-ba2a-e05fd060e6e4&quot;]
[debug] &amp;#27;[35m[W3C (fd1d169e)]&amp;#27;[39m Responding to client with driver.getCurrentContext() result: &quot;NATIVE_APP&quot;
&amp;#27;[35m[HTTP]&amp;#27;[39m &amp;#27;[37m&lt;-- GET /wd/hub/session/fd1d169e-7db2-4dfd-ba2a-e05fd060e6e4/context &amp;#27;[39m&amp;#27;[32m200&amp;#27;[39m &amp;#27;[90m6 ms - 22&amp;#27;[39m
&amp;#27;[35m[HTTP]&amp;#27;[39m &amp;#27;[90m&amp;#27;[39m
&amp;#27;[35m[HTTP]&amp;#27;[39m &amp;#27;[37m--&gt;&amp;#27;[39m &amp;#27;[37mPOST&amp;#27;[39m &amp;#27;[37m/wd/hub/session/fd1d169e-7db2-4dfd-ba2a-e05fd060e6e4/elements&amp;#27;[39m
&amp;#27;[35m[HTTP]&amp;#27;[39m &amp;#27;[90m{&quot;using&quot;:&quot;class name&quot;,&quot;value&quot;:&quot;android.widget.EditText&quot;}&amp;#27;[39m
[debug] &amp;#27;[35m[W3C (fd1d169e)]&amp;#27;[39m Calling AppiumDriver.findElements() with args: [&quot;class name&quot;,&quot;android.widget.EditText&quot;,&quot;fd1d169e-7db2-4dfd-ba2a-e05fd060e6e4&quot;]
[debug] &amp;#27;[35m[BaseDriver]&amp;#27;[39m Valid locator strategies for this request: xpath, id, class name, accessibility id, -android uiautomator
[debug] &amp;#27;[35m[BaseDriver]&amp;#27;[39m Waiting up to 10000 ms for condition
[debug] &amp;#27;[35m[WD Proxy]&amp;#27;[39m Matched &apos;/elements&apos; to command name &apos;findElements&apos;
[debug] &amp;#27;[35m[WD Proxy]&amp;#27;[39m Proxying [POST /elements] to [POST http://127.0.0.1:8228/wd/hub/session/95165d5b-2b46-4537-942f-2e9e341d5032/elements] with body: {&quot;strategy&quot;:&quot;class name&quot;,&quot;selector&quot;:&quot;android.widget.EditText&quot;,&quot;context&quot;:&quot;&quot;,&quot;multiple&quot;:true}
[debug] &amp;#27;[35m[WD Proxy]&amp;#27;[39m Got response with status 200: {&quot;sessionId&quot;:&quot;95165d5b-2b46-4537-942f-2e9e341d5032&quot;,&quot;value&quot;:[{&quot;ELEMENT&quot;:&quot;5404e734-6e66-4ad0-8fda-9ee825bd4be1&quot;,&quot;element-6066-11e4-a52e-4f735466cecf&quot;:&quot;5404e734-6e66-4ad0-8fda-9ee825bd4be1&quot;},{&quot;ELEMENT&quot;:&quot;0aa0aad1-6bb7-468a-b3ae-b7dff15ef4e2&quot;,&quot;element-6066-11e4-a52e-4f735466cecf&quot;:&quot;0aa0aad1-6bb7-468a-b3ae-b7dff15ef4e2&quot;}]}
[debug] &amp;#27;[35m[W3C (fd1d169e)]&amp;#27;[39m Responding to client with driver.findElements() result: [{&quot;element-6066-11e4-a52e-4f735466cecf&quot;:&quot;5404e734-6e66-4ad0-8fda-9ee825bd4be1&quot;,&quot;ELEMENT&quot;:&quot;5404e734-6e66-4ad0-8fda-9ee825bd4be1&quot;},{&quot;element-6066-11e4-a52e-4f735466cecf&quot;:&quot;0aa0aad1-6bb7-468a-b3ae-b7dff15ef4e2&quot;,&quot;ELEMENT&quot;:&quot;0aa0aad1-6bb7-468a-b3ae-b7dff15ef4e2&quot;}]
&amp;#27;[35m[HTTP]&amp;#27;[39m &amp;#27;[37m&lt;-- POST /wd/hub/session/fd1d169e-7db2-4dfd-ba2a-e05fd060e6e4/elements &amp;#27;[39m&amp;#27;[32m200&amp;#27;[39m &amp;#27;[90m570 ms - 267&amp;#27;[39m
&amp;#27;[35m[HTTP]&amp;#27;[39m &amp;#27;[90m&amp;#27;[39m
&amp;#27;[35m[HTTP]&amp;#27;[39m &amp;#27;[37m--&gt;&amp;#27;[39m &amp;#27;[37mPOST&amp;#27;[39m &amp;#27;[37m/wd/hub/session/fd1d169e-7db2-4dfd-ba2a-e05fd060e6e4/element/0aa0aad1-6bb7-468a-b3ae-b7dff15ef4e2/value&amp;#27;[39m
&amp;#27;[35m[HTTP]&amp;#27;[39m &amp;#27;[90m{&quot;id&quot;:&quot;0aa0aad1-6bb7-468a-b3ae-b7dff15ef4e2&quot;,&quot;text&quot;:&quot;15&quot;,&quot;value&quot;:[&quot;1&quot;,&quot;5&quot;]}&amp;#27;[39m
[debug] &amp;#27;[35m[W3C (fd1d169e)]&amp;#27;[39m Calling AppiumDriver.setValue() with args: [[&quot;1&quot;,&quot;5&quot;],&quot;0aa0aad1-6bb7-468a-b3ae-b7dff15ef4e2&quot;,&quot;fd1d169e-7db2-4dfd-ba2a-e05fd060e6e4&quot;]
[debug] &amp;#27;[35m[WD Proxy]&amp;#27;[39m Matched &apos;/element/0aa0aad1-6bb7-468a-b3ae-b7dff15ef4e2/value&apos; to command name &apos;setValue&apos;
[debug] &amp;#27;[35m[Protocol Converter]&amp;#27;[39m Added &apos;value&apos; property [&quot;1&quot;,&quot;5&quot;] to &apos;setValue&apos; request body
[debug] &amp;#27;[35m[WD Proxy]&amp;#27;[39m Proxying [POST /element/0aa0aad1-6bb7-468a-b3ae-b7dff15ef4e2/value] to [POST http://127.0.0.1:8228/wd/hub/session/95165d5b-2b46-4537-942f-2e9e341d5032/element/0aa0aad1-6bb7-468a-b3ae-b7dff15ef4e2/value] with body: {&quot;elementId&quot;:&quot;0aa0aad1-6bb7-468a-b3ae-b7dff15ef4e2&quot;,&quot;text&quot;:&quot;15&quot;,&quot;replace&quot;:false,&quot;value&quot;:[&quot;1&quot;,&quot;5&quot;]}
[debug] &amp;#27;[35m[WD Proxy]&amp;#27;[39m Got response with status 200: {&quot;sessionId&quot;:&quot;95165d5b-2b46-4537-942f-2e9e341d5032&quot;,&quot;value&quot;:null}
[debug] &amp;#27;[35m[W3C (fd1d169e)]&amp;#27;[39m Responding to client with driver.setValue() result: null
&amp;#27;[35m[HTTP]&amp;#27;[39m &amp;#27;[37m&lt;-- POST /wd/hub/session/fd1d169e-7db2-4dfd-ba2a-e05fd060e6e4/element/0aa0aad1-6bb7-468a-b3ae-b7dff15ef4e2/value &amp;#27;[39m&amp;#27;[32m200&amp;#27;[39m &amp;#27;[90m101 ms - 14&amp;#27;[39m
&amp;#27;[35m[HTTP]&amp;#27;[39m &amp;#27;[90m&amp;#27;[39m
&amp;#27;[35m[HTTP]&amp;#27;[39m &amp;#27;[37m--&gt;&amp;#27;[39m &amp;#27;[37mGET&amp;#27;[39m &amp;#27;[37m/wd/hub/session/fd1d169e-7db2-4dfd-ba2a-e05fd060e6e4/context&amp;#27;[39m
&amp;#27;[35m[HTTP]&amp;#27;[39m &amp;#27;[90m{}&amp;#27;[39m
[debug] &amp;#27;[35m[W3C (fd1d169e)]&amp;#27;[39m Calling AppiumDriver.getCurrentContext() with args: [&quot;fd1d169e-7db2-4dfd-ba2a-e05fd060e6e4&quot;]
[debug] &amp;#27;[35m[W3C (fd1d169e)]&amp;#27;[39m Responding to client with driver.getCurrentContext() result: &quot;NATIVE_APP&quot;
&amp;#27;[35m[HTTP]&amp;#27;[39m &amp;#27;[37m&lt;-- GET /wd/hub/session/fd1d169e-7db2-4dfd-ba2a-e05fd060e6e4/context &amp;#27;[39m&amp;#27;[32m200&amp;#27;[39m &amp;#27;[90m5 ms - 22&amp;#27;[39m
&amp;#27;[35m[HTTP]&amp;#27;[39m &amp;#27;[90m&amp;#27;[39m
&amp;#27;[35m[HTTP]&amp;#27;[39m &amp;#27;[37m--&gt;&amp;#27;[39m &amp;#27;[37mPOST&amp;#27;[39m &amp;#27;[37m/wd/hub/session/fd1d169e-7db2-4dfd-ba2a-e05fd060e6e4/elements&amp;#27;[39m
&amp;#27;[35m[HTTP]&amp;#27;[39m &amp;#27;[90m{&quot;using&quot;:&quot;class name&quot;,&quot;value&quot;:&quot;android.widget.TextView&quot;}&amp;#27;[39m
[debug] &amp;#27;[35m[W3C (fd1d169e)]&amp;#27;[39m Calling AppiumDriver.findElements() with args: [&quot;class name&quot;,&quot;android.widget.TextView&quot;,&quot;fd1d169e-7db2-4dfd-ba2a-e05fd060e6e4&quot;]
[debug] &amp;#27;[35m[BaseDriver]&amp;#27;[39m Valid locator strategies for this request: xpath, id, class name, accessibility id, -android uiautomator
[debug] &amp;#27;[35m[BaseDriver]&amp;#27;[39m Waiting up to 10000 ms for condition
[debug] &amp;#27;[35m[WD Proxy]&amp;#27;[39m Matched &apos;/elements&apos; to command name &apos;findElements&apos;
[debug] &amp;#27;[35m[WD Proxy]&amp;#27;[39m Proxying [POST /elements] to [POST http://127.0.0.1:8228/wd/hub/session/95165d5b-2b46-4537-942f-2e9e341d5032/elements] with body: {&quot;strategy&quot;:&quot;class name&quot;,&quot;selector&quot;:&quot;android.widget.TextView&quot;,&quot;context&quot;:&quot;&quot;,&quot;multiple&quot;:true}
[debug] &amp;#27;[35m[WD Proxy]&amp;#27;[39m Got response with status 200: {&quot;sessionId&quot;:&quot;95165d5b-2b46-4537-942f-2e9e341d5032&quot;,&quot;value&quot;:[{&quot;ELEMENT&quot;:&quot;0efcb413-60af-4b54-8d0a-6403f2c83559&quot;,&quot;element-6066-11e4-a52e-4f735466cecf&quot;:&quot;0efcb413-60af-4b54-8d0a-6403f2c83559&quot;},{&quot;ELEMENT&quot;:&quot;080b3c15-3f91-4b91-aaa8-ca60c0c50363&quot;,&quot;element-6066-11e4-a52e-4f735466cecf&quot;:&quot;080b3c15-3f91-4b91-aaa8-ca60c0c50363&quot;},{&quot;ELEMENT&quot;:&quot;c400a766-4455-40d2-ba43-6ef95578b681&quot;,&quot;element-6066-11e4-a52e-4f735466cecf&quot;:&quot;c400a766-4455-40d2-ba43-6ef95578b681&quot;},{&quot;ELEMENT&quot;:&quot;3f48297a-4171-401b-aa1d-e4cc13f7cd83&quot;,&quot;element-6066-11e4-a52e-4f735466cecf&quot;:&quot;3f48297a-4171-401b-aa1d-e4cc13f7cd83&quot;},{&quot;ELEMENT&quot;:&quot;0dbced6f-f341-4a3e-bfbc-5d5241e3cc3a&quot;,&quot;element-6066-11e4-a52e-4f735466cecf&quot;:&quot;0dbced6f-f341-4a3e-bfbc-5d5241e3cc3a&quot;},{&quot;ELEMENT&quot;:&quot;329e7b59-899d-473e-812c-f332d93f6708&quot;,&quot;element-6066-11e4-a52e-4f735466cecf&quot;:&quot;329e7b59-899d-473e-812c-f332d93f6708&quot;},{&quot;ELEMENT&quot;:&quot;6311b334-0396-4757-9396-fe96a5d14ed5&quot;,&quot;element-6066-11e4-a52e-4f735466cecf&quot;:&quot;6311b334-0396-4757-9396-fe96a5d14ed5&quot;},{&quot;ELEMENT&quot;:&quot;bd57872b-7f5f-4881-b536-e3d26615873f&quot;,&quot;element-6066-...
[debug] &amp;#27;[35m[W3C (fd1d169e)]&amp;#27;[39m Responding to client with driver.findElements() result: [{&quot;element-6066-11e4-a52e-4f735466cecf&quot;:&quot;0efcb413-60af-4b54-8d0a-6403f2c83559&quot;,&quot;ELEMENT&quot;:&quot;0efcb413-60af-4b54-8d0a-6403f2c83559&quot;},{&quot;element-6066-11e4-a52e-4f735466cecf&quot;:&quot;080b3c15-3f91-4b91-aaa8-ca60c0c50363&quot;,&quot;ELEMENT&quot;:&quot;080b3c15-3f91-4b91-aaa8-ca60c0c50363&quot;},{&quot;element-6066-11e4-a52e-4f735466cecf&quot;:&quot;c400a766-4455-40d2-ba43-6ef95578b681&quot;,&quot;ELEMENT&quot;:&quot;c400a766-4455-40d2-ba43-6ef95578b681&quot;},{&quot;element-6066-11e4-a52e-4f735466cecf&quot;:&quot;3f48297a-4171-401b-aa1d-e4cc13f7cd83&quot;,&quot;ELEMENT&quot;:&quot;3f48297a-4171-401b-aa1d-e4cc13f7cd83&quot;},{&quot;element-6066-11e4-a52e-4f735466cecf&quot;:&quot;0dbced6f-f341-4a3e-bfbc-5d5241e3cc3a&quot;,&quot;ELEMENT&quot;:&quot;0dbced6f-f341-4a3e-bfbc-5d5241e3cc3a&quot;},{&quot;element-6066-11e4-a52e-4f735466cecf&quot;:&quot;329e7b59-899d-473e-812c-f332d93f6708&quot;,&quot;ELEMENT&quot;:&quot;329e7b59-899d-473e-812c-f332d93f6708&quot;},{&quot;element-6066-11e4-a52e-4f735466cecf&quot;:&quot;6311b334-0396-4757-9396-fe96a5d14ed5&quot;,&quot;ELEMENT&quot;:&quot;6311b334-0396-4757-9396-fe96a5d14ed5&quot;},{&quot;element-6066-11e4-a52e-4f735466cecf&quot;:&quot;bd57872b-7f5f-4881-b536-e3d26615873f&quot;,&quot;ELEMENT&quot;:&quot;bd57872b-7f5f-4881-b536-e3d26615873...
&amp;#27;[35m[HTTP]&amp;#27;[39m &amp;#27;[37m&lt;-- POST /wd/hub/session/fd1d169e-7db2-4dfd-ba2a-e05fd060e6e4/elements &amp;#27;[39m&amp;#27;[32m200&amp;#27;[39m &amp;#27;[90m672 ms - 1291&amp;#27;[39m
&amp;#27;[35m[HTTP]&amp;#27;[39m &amp;#27;[90m&amp;#27;[39m
&amp;#27;[35m[HTTP]&amp;#27;[39m &amp;#27;[37m--&gt;&amp;#27;[39m &amp;#27;[37mGET&amp;#27;[39m &amp;#27;[37m/wd/hub/session/fd1d169e-7db2-4dfd-ba2a-e05fd060e6e4/element/329e7b59-899d-473e-812c-f332d93f6708/text&amp;#27;[39m
&amp;#27;[35m[HTTP]&amp;#27;[39m &amp;#27;[90m{}&amp;#27;[39m
&amp;#27;[35m[W3C (fd1d169e)]&amp;#27;[39m Driver proxy active, passing request on via HTTP proxy
[debug] &amp;#27;[35m[WD Proxy]&amp;#27;[39m Matched &apos;/wd/hub/session/fd1d169e-7db2-4dfd-ba2a-e05fd060e6e4/element/329e7b59-899d-473e-812c-f332d93f6708/text&apos; to command name &apos;getText&apos;
[debug] &amp;#27;[35m[WD Proxy]&amp;#27;[39m Proxying [GET /wd/hub/session/fd1d169e-7db2-4dfd-ba2a-e05fd060e6e4/element/329e7b59-899d-473e-812c-f332d93f6708/text] to [GET http://127.0.0.1:8228/wd/hub/session/95165d5b-2b46-4537-942f-2e9e341d5032/element/329e7b59-899d-473e-812c-f332d93f6708/text] with no body
[debug] &amp;#27;[35m[WD Proxy]&amp;#27;[39m Got response with status 200: {&quot;sessionId&quot;:&quot;95165d5b-2b46-4537-942f-2e9e341d5032&quot;,&quot;value&quot;:&quot;pm,  &quot;}
&amp;#27;[35m[WD Proxy]&amp;#27;[39m Replacing sessionId 95165d5b-2b46-4537-942f-2e9e341d5032 with fd1d169e-7db2-4dfd-ba2a-e05fd060e6e4
&amp;#27;[35m[HTTP]&amp;#27;[39m &amp;#27;[37m&lt;-- GET /wd/hub/session/fd1d169e-7db2-4dfd-ba2a-e05fd060e6e4/element/329e7b59-899d-473e-812c-f332d93f6708/text &amp;#27;[39m&amp;#27;[32m200&amp;#27;[39m &amp;#27;[90m43 ms - 68&amp;#27;[39m
&amp;#27;[35m[HTTP]&amp;#27;[39m &amp;#27;[90m&amp;#27;[39m
&amp;#27;[35m[HTTP]&amp;#27;[39m &amp;#27;[37m--&gt;&amp;#27;[39m &amp;#27;[37mPOST&amp;#27;[39m &amp;#27;[37m/wd/hub/session/fd1d169e-7db2-4dfd-ba2a-e05fd060e6e4/appium/device/press_keycode&amp;#27;[39m
&amp;#27;[35m[HTTP]&amp;#27;[39m &amp;#27;[90m{&quot;keycode&quot;:66}&amp;#27;[39m
[debug] &amp;#27;[35m[W3C (fd1d169e)]&amp;#27;[39m Calling AppiumDriver.pressKeyCode() with args: [66,null,null,null,null,&quot;fd1d169e-7db2-4dfd-ba2a-e05fd060e6e4&quot;]
[debug] &amp;#27;[35m[WD Proxy]&amp;#27;[39m Matched &apos;/appium/device/press_keycode&apos; to command name &apos;pressKeyCode&apos;
[debug] &amp;#27;[35m[WD Proxy]&amp;#27;[39m Proxying [POST /appium/device/press_keycode] to [POST http://127.0.0.1:8228/wd/hub/session/95165d5b-2b46-4537-942f-2e9e341d5032/appium/device/press_keycode] with body: {&quot;keycode&quot;:66,&quot;metastate&quot;:null,&quot;flags&quot;:null}
[debug] &amp;#27;[35m[WD Proxy]&amp;#27;[39m Got response with status 200: {&quot;sessionId&quot;:&quot;95165d5b-2b46-4537-942f-2e9e341d5032&quot;,&quot;value&quot;:null}
[debug] &amp;#27;[35m[W3C (fd1d169e)]&amp;#27;[39m Responding to client with driver.pressKeyCode() result: null
&amp;#27;[35m[HTTP]&amp;#27;[39m &amp;#27;[37m&lt;-- POST /wd/hub/session/fd1d169e-7db2-4dfd-ba2a-e05fd060e6e4/appium/device/press_keycode &amp;#27;[39m&amp;#27;[32m200&amp;#27;[39m &amp;#27;[90m93 ms - 14&amp;#27;[39m
&amp;#27;[35m[HTTP]&amp;#27;[39m &amp;#27;[90m&amp;#27;[39m
&amp;#27;[35m[HTTP]&amp;#27;[39m &amp;#27;[37m--&gt;&amp;#27;[39m &amp;#27;[37mGET&amp;#27;[39m &amp;#27;[37m/wd/hub/session/fd1d169e-7db2-4dfd-ba2a-e05fd060e6e4/screenshot&amp;#27;[39m
&amp;#27;[35m[HTTP]&amp;#27;[39m &amp;#27;[90m{}&amp;#27;[39m
[debug] &amp;#27;[35m[W3C (fd1d169e)]&amp;#27;[39m Calling AppiumDriver.getScreenshot() with args: [&quot;fd1d169e-7db2-4dfd-ba2a-e05fd060e6e4&quot;]
[debug] &amp;#27;[35m[WD Proxy]&amp;#27;[39m Matched &apos;/screenshot&apos; to command name &apos;getScreenshot&apos;
[debug] &amp;#27;[35m[WD Proxy]&amp;#27;[39m Proxying [GET /screenshot] to [GET http://127.0.0.1:8228/wd/hub/session/95165d5b-2b46-4537-942f-2e9e341d5032/screenshot] with no body
[debug] &amp;#27;[35m[WD Proxy]&amp;#27;[39m Got response with status 200: {&quot;sessionId&quot;:&quot;95165d5b-2b46-4537-942f-2e9e341d5032&quot;,&quot;value&quot;:&quot;iVBORw0KGgoAAAANSUhEUgAABDgAAAjoCAYAAAA5jhrUAAAAAXNSR0IArs4c6QAAAARzQklUCAgI\nCHwIZIgAACAASURBVHic7N17fJP1/f//ZwMUknJsONoWRGmVCrQizBYVsJzUonKwgm6Cm0znNp0w\n9/GEuim6oZt42CY6dYq46YqCAiIHKyLSysmWsy0itAU5tZzaprQl+f3BL/nm1DZpk6aBx/1243Zr\nrly53u+kIc31vN7v1zuipqbGJgAAAAAAgDBmCHUHAAAAAAAAGouAAwAAAAAAhD0CDgAAAAAAEPYI\nOAAAAAAAQNgj4AAAAAAAAGGPgAMAAAAAAIQ9Ag4AAAAAABD2CDgAAAAAAEDYI+AAAAAAAABhj4AD\nAAAAAACEPQIOAAAAAAAQ9gg4AAAAAABA2CPgAAAAAAAAYY+AAwAAAAAAhD0CDgAAAAAAEPYIOAAA\nAAAAQNgj4AAAAAAAAGGPgAMAAAAAAIQ9Ag4AAAAAABD2CDgAAAAAAEDYI+AAAAAAAABhj4ADAAAA\nAACEPQIOAAAAAAAQ9gg4AAAAAABA2CPgAAAAAAAAYY+AAwAAAAAAhD0CDgAAAAAAEPYIOAAAAAAA\nQNgj4AAAAAAAAGGPgAMAAAAAAIQ9Ag4AAAAAABD2CDgAAAAAAEDYI+AAAAAAAABhj4ADAAAAAACE\nPQIOAAAAAAAQ9gg4AAAAAABA2CPgAAAAAAAAYY+AAwAAAAAAhD0CDgAAAAAAEPYIOAAAAAAAQNgj\n4AAAAAAAAGGPgAMAAAAAAIQ9Ag4AAAAAABD2CDgAAAAAAEDYI+AAAAAAAABhj4ADAAAAAACEPQIO\nAAAAAAAQ9gg4AAAAAABA2CPgAAAAAAAAYa9lqDsANGdnzpxRdXW1WrVqpRYtWoS6O2igoqIivffe\ne9q3b58MBoOGDBmijIwMRUZG...
[debug] &amp;#27;[35m[W3C (fd1d169e)]&amp;#27;[39m Responding to client with driver.getScreenshot() result: &quot;iVBORw0KGgoAAAANSUhEUgAABDgAAAjoCAYAAAA5jhrUAAAAAXNSR0IArs4c6QAAAARzQklUCAgI\nCHwIZIgAACAASURBVHic7N17fJP1/f//ZwMUknJsONoWRGmVCrQizBYVsJzUonKwgm6Cm0znNp0w\n9/GEuim6oZt42CY6dYq46YqCAiIHKyLSysmWsy0itAU5tZzaprQl+f3BL/nm1DZpk6aBx/1243Zr\nrly53u+kIc31vN7v1zuipqbGJgAAAAAAgDBmCHUHAAAAAAAAGouAAwAAAAAAhD0CDgAAAAAAEPYI\nOAAAAAAAQNgj4AAAAAAAAGGPgAMAAAAAAIQ9Ag4AAAAAABD2CDgAAAAAAEDYI+AAAAAAAABhj4AD\nAAAAAACEPQIOAAAAAAAQ9gg4AAAAAABA2CPgAAAAAAAAYY+AAwAAAAAAhD0CDgAAAAAAEPYIOAAA\nAAAAQNgj4AAAAAAAAGGPgAMAAAAAAIQ9Ag4AAAAAABD2CDgAAAAAAEDYI+AAAAAAAABhj4ADAAAA\nAACEPQIOAAAAAAAQ9gg4AAAAAABA2CPgAAAAAAAAYY+AAwAAAAAAhD0CDgAAAAAAEPYIOAAAAAAA\nQNgj4AAAAAAAAGGPgAMAAAAAAIQ9Ag4AAAAAABD2CDgAAAAAAEDYI+AAAAAAAABhj4ADAAAAAACE\nPQIOAAAAAAAQ9gg4AAAAAABA2CPgAAAAAAAAYY+AAwAAAAAAhD0CDgAAAAAAEPYIOAAAAAAAQNgj\n4AAAAAAAAGGPgAMAAAAAAIQ9Ag4AAAAAABD2CDgAAAAAAEDYI+AAAAAAAABhj4ADAAAAAACEPQIO\nAAAAAAAQ9gg4AAAAAABA2CPgAAAAAAAAYa9lqDsANGdnzpxRdXW1WrVqpRYtWoS6O2igoqIivffe\ne9q3b58MBoOGDBmijIwMRUZGhrprAAAAAAIkoqamxhbqTgChZrPZVFZWpqNHjyovL0/fffedfvzx\nR50+fd...
&amp;#27;[35m[HTTP]&amp;#27;[39m &amp;#27;[37m&lt;-- GET /wd/hub/session/fd1d169e-7db2-4dfd-ba2a-e05fd060e6e4/screenshot &amp;#27;[39m&amp;#27;[32m200&amp;#27;[39m &amp;#27;[90m854 ms - 175998&amp;#27;[39m
&amp;#27;[35m[HTTP]&amp;#27;[39m &amp;#27;[90m&amp;#27;[39m
&amp;#27;[35m[HTTP]&amp;#27;[39m &amp;#27;[37m--&gt;&amp;#27;[39m &amp;#27;[37mPOST&amp;#27;[39m &amp;#27;[37m/wd/hub/session/fd1d169e-7db2-4dfd-ba2a-e05fd060e6e4/appium/app/close&amp;#27;[39m
&amp;#27;[35m[HTTP]&amp;#27;[39m &amp;#27;[90m{}&amp;#27;[39m
[debug] &amp;#27;[35m[W3C (fd1d169e)]&amp;#27;[39m Calling AppiumDriver.closeApp() with args: [&quot;fd1d169e-7db2-4dfd-ba2a-e05fd060e6e4&quot;]
[debug] &amp;#27;[35m[ADB]&amp;#27;[39m Running &apos;C:\Users\maliniv\AppData\Local\Android\Sdk\platform-tools\adb.exe -P 5037 -s 192.168.1.101\:5555 shell am force-stop com.samsung.android.calendar&apos;
[debug] &amp;#27;[35m[W3C (fd1d169e)]&amp;#27;[39m Responding to client with driver.closeApp() result: null
</system-out>
    <system-err>Feb 02, 2021 9:00:58 AM io.appium.java_client.remote.AppiumCommandExecutor$1 lambda$0
INFO: Detected dialect: W3C
</system-err>
  </testcase>
</testsuite>